#-----------------------------------------------------------
# Vivado v2021.1 (64-bit)
# SW Build 3247384 on Thu Jun 10 19:36:33 MDT 2021
# IP Build 3246043 on Fri Jun 11 00:30:35 MDT 2021
# Start of session at: Mon Jan 10 08:50:57 2022
# Process ID: 4724
# Current directory: C:/Users/Shlab_45/Desktop/final/0613304_LAB10/lab10
# Command line: vivado.exe -gui_launcher_event rodinguilauncherevent500 C:\Users\Shlab_45\Desktop\final\0613304_LAB10\lab10\lab10.xpr
# Log file: C:/Users/Shlab_45/Desktop/final/0613304_LAB10/lab10/vivado.log
# Journal file: C:/Users/Shlab_45/Desktop/final/0613304_LAB10/lab10\vivado.jou
#-----------------------------------------------------------
start_gui
open_project C:/Users/Shlab_45/Desktop/final/0613304_LAB10/lab10/lab10.xpr
INFO: [Project 1-313] Project file moved from 'C:/Users/Shlab_45/Downloads/test/final/0613304_LAB10/lab10' since last save.
WARNING: [filemgmt 56-2] Default IP Output Path : Could not find the directory 'C:/Users/Shlab_45/Desktop/final/0613304_LAB10/lab10/lab10.gen/sources_1', nor could it be found using path 'C:/Users/Shlab_45/Downloads/test/final/0613304_LAB10/lab10/lab10.gen/sources_1'.
Scanning sources...
Finished scanning sources
INFO: [IP_Flow 19-234] Refreshing IP repositories
INFO: [IP_Flow 19-1704] No user IP repositories specified
INFO: [IP_Flow 19-2313] Loaded Vivado IP repository 'C:/Xilinx/Vivado/2021.1/data/ip'.
update_compile_order -fileset sources_1
exit
INFO: [Common 17-206] Exiting Vivado at Mon Jan 10 08:51:18 2022...
