#-----------------------------------------------------------
# Vivado v2021.1 (64-bit)
# SW Build 3247384 on Thu Jun 10 19:36:33 MDT 2021
# IP Build 3246043 on Fri Jun 11 00:30:35 MDT 2021
# Start of session at: Sat Jan  8 19:12:04 2022
# Process ID: 8680
# Current directory: C:/Users/Shlab_47/Desktop/final/0613304_LAB10/lab10
# Command line: vivado.exe -gui_launcher_event rodinguilauncherevent3468 C:\Users\Shlab_47\Desktop\final\0613304_LAB10\lab10\lab10.xpr
# Log file: C:/Users/Shlab_47/Desktop/final/0613304_LAB10/lab10/vivado.log
# Journal file: C:/Users/Shlab_47/Desktop/final/0613304_LAB10/lab10\vivado.jou
#-----------------------------------------------------------
start_gui
open_project C:/Users/Shlab_47/Desktop/final/0613304_LAB10/lab10/lab10.xpr
WARNING: [filemgmt 56-3] Default IP Output Path : Could not find the directory 'C:/Users/Shlab_47/Desktop/final/0613304_LAB10/lab10/lab10.gen/sources_1'.
CRITICAL WARNING: [Project 1-19] Could not find the file 'C:/Users/Shlab_47/Desktop/final/0613304_LAB10/lab10/lab10.srcs/sources_1/sram.v'.
CRITICAL WARNING: [Project 1-19] Could not find the file 'C:/Users/Shlab_47/Desktop/final/0613304_LAB10/lab10/lab10.srcs/sources_1/sram_fish1d.v'.
CRITICAL WARNING: [Project 1-19] Could not find the file 'C:/Users/Shlab_47/Desktop/final/0613304_LAB10/lab10/lab10.srcs/sources_1/sram_fish2.v'.
CRITICAL WARNING: [Project 1-19] Could not find the file 'C:/Users/Shlab_47/Desktop/final/0613304_LAB10/lab10/lab10.srcs/sources_1/sram_fish3.v'.
CRITICAL WARNING: [Project 1-19] Could not find the file 'C:/Users/Shlab_47/Desktop/final/0613304_LAB10/lab10/lab10.srcs/sources_1/new/sram_user.v'.
CRITICAL WARNING: [Project 1-19] Could not find the file 'C:/Users/Shlab_47/Desktop/final/0613304_LAB10/lab10/lab10.srcs/sources_1/sram_fish1complex.v'.
Scanning sources...
Finished scanning sources
INFO: [IP_Flow 19-234] Refreshing IP repositories
INFO: [IP_Flow 19-1704] No user IP repositories specified
INFO: [IP_Flow 19-2313] Loaded Vivado IP repository 'C:/Xilinx/Vivado/2021.1/data/ip'.
open_project: Time (s): cpu = 00:00:13 ; elapsed = 00:00:07 . Memory (MB): peak = 1118.414 ; gain = 0.000
update_compile_order -fileset sources_1
export_ip_user_files -of_objects  [get_files C:/Users/Shlab_47/Desktop/final/0613304_LAB10/lab10/lab10.srcs/sources_1/sram.v] -no_script -reset -force -quiet
export_ip_user_files -of_objects  [get_files C:/Users/Shlab_47/Desktop/final/0613304_LAB10/lab10/lab10.srcs/sources_1/sram_fish1complex.v] -no_script -reset -force -quiet
export_ip_user_files -of_objects  [get_files C:/Users/Shlab_47/Desktop/final/0613304_LAB10/lab10/lab10.srcs/sources_1/sram_fish1d.v] -no_script -reset -force -quiet
export_ip_user_files -of_objects  [get_files C:/Users/Shlab_47/Desktop/final/0613304_LAB10/lab10/lab10.srcs/sources_1/sram_fish2.v] -no_script -reset -force -quiet
export_ip_user_files -of_objects  [get_files C:/Users/Shlab_47/Desktop/final/0613304_LAB10/lab10/lab10.srcs/sources_1/sram_fish3.v] -no_script -reset -force -quiet
export_ip_user_files -of_objects  [get_files C:/Users/Shlab_47/Desktop/final/0613304_LAB10/lab10/lab10.srcs/sources_1/new/sram_user.v] -no_script -reset -force -quiet
remove_files  {C:/Users/Shlab_47/Desktop/final/0613304_LAB10/lab10/lab10.srcs/sources_1/sram.v C:/Users/Shlab_47/Desktop/final/0613304_LAB10/lab10/lab10.srcs/sources_1/sram_fish1complex.v C:/Users/Shlab_47/Desktop/final/0613304_LAB10/lab10/lab10.srcs/sources_1/sram_fish1d.v C:/Users/Shlab_47/Desktop/final/0613304_LAB10/lab10/lab10.srcs/sources_1/sram_fish2.v C:/Users/Shlab_47/Desktop/final/0613304_LAB10/lab10/lab10.srcs/sources_1/sram_fish3.v C:/Users/Shlab_47/Desktop/final/0613304_LAB10/lab10/lab10.srcs/sources_1/new/sram_user.v}
open_hw_manager
connect_hw_server -allow_non_jtag
INFO: [Labtools 27-2285] Connecting to hw_server url TCP:localhost:3121
INFO: [Labtools 27-2222] Launching hw_server...
INFO: [Labtools 27-2221] Launch Output:

****** Xilinx hw_server v2021.1
  **** Build date : Jun 10 2021 at 20:17:23
    ** Copyright 1986-2021 Xilinx, Inc. All Rights Reserved.


INFO: [Labtools 27-3415] Connecting to cs_server url TCP:localhost:3042
INFO: [Labtools 27-3417] Launching cs_server...
INFO: [Labtools 27-2221] Launch Output:


******** Xilinx cs_server v2021.1
  ****** Build date   : May 27 2021-01:32:33
    **** Build number : 2021.1.1622050353
      ** Copyright 2017-2022 Xilinx, Inc. All Rights Reserved.



connect_hw_server: Time (s): cpu = 00:00:01 ; elapsed = 00:00:08 . Memory (MB): peak = 1118.414 ; gain = 0.000
open_hw_target
INFO: [Labtoolstcl 44-466] Opening hw_target localhost:3121/xilinx_tcf/Digilent/210319A43280A
open_hw_target: Time (s): cpu = 00:00:05 ; elapsed = 00:00:06 . Memory (MB): peak = 2708.594 ; gain = 1590.180
set_property PROGRAM.FILE {C:/Users/Shlab_47/Desktop/final/0613304_LAB10/lab10/lab10.runs/impl_1/lab10.bit} [get_hw_devices xc7a35t_0]
current_hw_device [get_hw_devices xc7a35t_0]
refresh_hw_device -update_hw_probes false [lindex [get_hw_devices xc7a35t_0] 0]
INFO: [Labtools 27-1434] Device xc7a35t (JTAG device index = 0) is programmed with a design that has no supported debug core(s) in it.
set_property PROBES.FILE {} [get_hw_devices xc7a35t_0]
set_property FULL_PROBES.FILE {} [get_hw_devices xc7a35t_0]
set_property PROGRAM.FILE {C:/Users/Shlab_47/Desktop/final/0613304_LAB10/lab10/lab10.runs/impl_1/lab10.bit} [get_hw_devices xc7a35t_0]
program_hw_devices [get_hw_devices xc7a35t_0]
INFO: [Labtools 27-3164] End of startup status: HIGH
refresh_hw_device [lindex [get_hw_devices xc7a35t_0] 0]
INFO: [Labtools 27-1434] Device xc7a35t (JTAG device index = 0) is programmed with a design that has no supported debug core(s) in it.
reset_run synth_1
WARNING: [Vivado 12-1017] Problems encountered:
1. Failed to delete one or more files in run directory C:/Users/Shlab_47/Desktop/final/0613304_LAB10/lab10/lab10.runs/synth_1

launch_runs impl_1 -to_step write_bitstream -jobs 3
[Sat Jan  8 19:25:10 2022] Launched synth_1...
Run output will be captured here: C:/Users/Shlab_47/Desktop/final/0613304_LAB10/lab10/lab10.runs/synth_1/runme.log
[Sat Jan  8 19:25:10 2022] Launched impl_1...
Run output will be captured here: C:/Users/Shlab_47/Desktop/final/0613304_LAB10/lab10/lab10.runs/impl_1/runme.log
open_run impl_1
INFO: [Device 21-403] Loading part xc7a35ticsg324-1L
Netlist sorting complete. Time (s): cpu = 00:00:00 ; elapsed = 00:00:00.011 . Memory (MB): peak = 3041.383 ; gain = 0.000
INFO: [Netlist 29-17] Analyzing 204 Unisim elements for replacement
INFO: [Netlist 29-28] Unisim Transformation completed in 0 CPU seconds
INFO: [Project 1-479] Netlist was created with Vivado 2021.1
INFO: [Project 1-570] Preparing netlist for logic optimization
INFO: [Timing 38-478] Restoring timing data from binary archive.
INFO: [Timing 38-479] Binary timing data restore complete.
INFO: [Project 1-856] Restoring constraints from binary archive.
INFO: [Project 1-853] Binary constraint restore complete.
Reading XDEF placement.
Reading placer database...
Reading XDEF routing.
Read XDEF File: Time (s): cpu = 00:00:00 ; elapsed = 00:00:00.203 . Memory (MB): peak = 3730.250 ; gain = 0.000
Restored from archive | CPU: 0.000000 secs | Memory: 0.000000 MB |
Finished XDEF File Restore: Time (s): cpu = 00:00:00 ; elapsed = 00:00:00.204 . Memory (MB): peak = 3730.250 ; gain = 0.000
Netlist sorting complete. Time (s): cpu = 00:00:00 ; elapsed = 00:00:00 . Memory (MB): peak = 3730.250 ; gain = 0.000
INFO: [Project 1-111] Unisim Transformation Summary:
  A total of 12 instances were transformed.
  LDCP => LDCP (GND, LDCE, LUT3(x2), VCC): 12 instances

open_run: Time (s): cpu = 00:00:20 ; elapsed = 00:00:15 . Memory (MB): peak = 3854.559 ; gain = 1106.145
set_property PROBES.FILE {} [get_hw_devices xc7a35t_0]
set_property FULL_PROBES.FILE {} [get_hw_devices xc7a35t_0]
set_property PROGRAM.FILE {C:/Users/Shlab_47/Desktop/final/0613304_LAB10/lab10/lab10.runs/impl_1/lab10.bit} [get_hw_devices xc7a35t_0]
program_hw_devices [get_hw_devices xc7a35t_0]
INFO: [Labtools 27-3164] End of startup status: HIGH
refresh_hw_device [lindex [get_hw_devices xc7a35t_0] 0]
INFO: [Labtools 27-1434] Device xc7a35t (JTAG device index = 0) is programmed with a design that has no supported debug core(s) in it.
add_files -norecurse C:/Users/Shlab_47/Desktop/final/0613304_LAB10/lab10/lab10.srcs/sources_1/score_4.mem
add_files -norecurse C:/Users/Shlab_47/Desktop/final/0613304_LAB10/lab10/lab10.srcs/sources_1/sram_score.v
update_compile_order -fileset sources_1
update_compile_order -fileset sources_1
reset_run synth_1
WARNING: [Vivado 12-1017] Problems encountered:
1. Failed to delete one or more files in run directory C:/Users/Shlab_47/Desktop/final/0613304_LAB10/lab10/lab10.runs/synth_1

launch_runs impl_1 -to_step write_bitstream -jobs 3
[Sat Jan  8 20:15:07 2022] Launched synth_1...
Run output will be captured here: C:/Users/Shlab_47/Desktop/final/0613304_LAB10/lab10/lab10.runs/synth_1/runme.log
[Sat Jan  8 20:15:07 2022] Launched impl_1...
Run output will be captured here: C:/Users/Shlab_47/Desktop/final/0613304_LAB10/lab10/lab10.runs/impl_1/runme.log
reset_run synth_1
WARNING: [Vivado 12-1017] Problems encountered:
1. Failed to delete one or more files in run directory C:/Users/Shlab_47/Desktop/final/0613304_LAB10/lab10/lab10.runs/synth_1

launch_runs impl_1 -to_step write_bitstream -jobs 3
[Sat Jan  8 20:15:44 2022] Launched synth_1...
Run output will be captured here: C:/Users/Shlab_47/Desktop/final/0613304_LAB10/lab10/lab10.runs/synth_1/runme.log
[Sat Jan  8 20:15:44 2022] Launched impl_1...
Run output will be captured here: C:/Users/Shlab_47/Desktop/final/0613304_LAB10/lab10/lab10.runs/impl_1/runme.log
reset_run synth_1
WARNING: [Vivado 12-1017] Problems encountered:
1. Failed to delete one or more files in run directory C:/Users/Shlab_47/Desktop/final/0613304_LAB10/lab10/lab10.runs/synth_1

launch_runs impl_1 -to_step write_bitstream -jobs 3
[Sat Jan  8 20:17:23 2022] Launched synth_1...
Run output will be captured here: C:/Users/Shlab_47/Desktop/final/0613304_LAB10/lab10/lab10.runs/synth_1/runme.log
[Sat Jan  8 20:17:23 2022] Launched impl_1...
Run output will be captured here: C:/Users/Shlab_47/Desktop/final/0613304_LAB10/lab10/lab10.runs/impl_1/runme.log
set_property PROBES.FILE {} [get_hw_devices xc7a35t_0]
set_property FULL_PROBES.FILE {} [get_hw_devices xc7a35t_0]
set_property PROGRAM.FILE {C:/Users/Shlab_47/Desktop/final/0613304_LAB10/lab10/lab10.runs/impl_1/lab10.bit} [get_hw_devices xc7a35t_0]
program_hw_devices [get_hw_devices xc7a35t_0]
INFO: [Labtools 27-3164] End of startup status: HIGH
refresh_hw_device [lindex [get_hw_devices xc7a35t_0] 0]
INFO: [Labtools 27-1434] Device xc7a35t (JTAG device index = 0) is programmed with a design that has no supported debug core(s) in it.
set_property PROBES.FILE {} [get_hw_devices xc7a35t_0]
set_property FULL_PROBES.FILE {} [get_hw_devices xc7a35t_0]
set_property PROGRAM.FILE {C:/Users/Shlab_47/Desktop/final/0613304_LAB10/lab10/lab10.runs/impl_1/lab10.bit} [get_hw_devices xc7a35t_0]
program_hw_devices [get_hw_devices xc7a35t_0]
INFO: [Labtools 27-3164] End of startup status: HIGH
refresh_hw_device [lindex [get_hw_devices xc7a35t_0] 0]
INFO: [Labtools 27-1434] Device xc7a35t (JTAG device index = 0) is programmed with a design that has no supported debug core(s) in it.
reset_run synth_1
WARNING: [Vivado 12-1017] Problems encountered:
1. Failed to delete one or more files in run directory C:/Users/Shlab_47/Desktop/final/0613304_LAB10/lab10/lab10.runs/synth_1

launch_runs impl_1 -to_step write_bitstream -jobs 3
[Sat Jan  8 20:26:10 2022] Launched synth_1...
Run output will be captured here: C:/Users/Shlab_47/Desktop/final/0613304_LAB10/lab10/lab10.runs/synth_1/runme.log
[Sat Jan  8 20:26:10 2022] Launched impl_1...
Run output will be captured here: C:/Users/Shlab_47/Desktop/final/0613304_LAB10/lab10/lab10.runs/impl_1/runme.log
set_property PROBES.FILE {} [get_hw_devices xc7a35t_0]
set_property FULL_PROBES.FILE {} [get_hw_devices xc7a35t_0]
set_property PROGRAM.FILE {C:/Users/Shlab_47/Desktop/final/0613304_LAB10/lab10/lab10.runs/impl_1/lab10.bit} [get_hw_devices xc7a35t_0]
program_hw_devices [get_hw_devices xc7a35t_0]
INFO: [Labtools 27-3164] End of startup status: HIGH
refresh_hw_device [lindex [get_hw_devices xc7a35t_0] 0]
INFO: [Labtools 27-1434] Device xc7a35t (JTAG device index = 0) is programmed with a design that has no supported debug core(s) in it.
reset_run synth_1
WARNING: [Vivado 12-1017] Problems encountered:
1. Failed to delete one or more files in run directory C:/Users/Shlab_47/Desktop/final/0613304_LAB10/lab10/lab10.runs/synth_1

launch_runs impl_1 -to_step write_bitstream -jobs 3
[Sat Jan  8 20:34:28 2022] Launched synth_1...
Run output will be captured here: C:/Users/Shlab_47/Desktop/final/0613304_LAB10/lab10/lab10.runs/synth_1/runme.log
[Sat Jan  8 20:34:28 2022] Launched impl_1...
Run output will be captured here: C:/Users/Shlab_47/Desktop/final/0613304_LAB10/lab10/lab10.runs/impl_1/runme.log
set_property PROBES.FILE {} [get_hw_devices xc7a35t_0]
set_property FULL_PROBES.FILE {} [get_hw_devices xc7a35t_0]
set_property PROGRAM.FILE {C:/Users/Shlab_47/Desktop/final/0613304_LAB10/lab10/lab10.runs/impl_1/lab10.bit} [get_hw_devices xc7a35t_0]
program_hw_devices [get_hw_devices xc7a35t_0]
INFO: [Labtools 27-3164] End of startup status: HIGH
refresh_hw_device [lindex [get_hw_devices xc7a35t_0] 0]
INFO: [Labtools 27-1434] Device xc7a35t (JTAG device index = 0) is programmed with a design that has no supported debug core(s) in it.
reset_run synth_1
WARNING: [Vivado 12-1017] Problems encountered:
1. Failed to delete one or more files in run directory C:/Users/Shlab_47/Desktop/final/0613304_LAB10/lab10/lab10.runs/synth_1

launch_runs impl_1 -to_step write_bitstream -jobs 3
[Sat Jan  8 20:40:22 2022] Launched synth_1...
Run output will be captured here: C:/Users/Shlab_47/Desktop/final/0613304_LAB10/lab10/lab10.runs/synth_1/runme.log
[Sat Jan  8 20:40:22 2022] Launched impl_1...
Run output will be captured here: C:/Users/Shlab_47/Desktop/final/0613304_LAB10/lab10/lab10.runs/impl_1/runme.log
reset_run synth_1
WARNING: [Vivado 12-1017] Problems encountered:
1. Failed to delete one or more files in run directory C:/Users/Shlab_47/Desktop/final/0613304_LAB10/lab10/lab10.runs/synth_1

launch_runs impl_1 -to_step write_bitstream -jobs 3
[Sat Jan  8 20:41:22 2022] Launched synth_1...
Run output will be captured here: C:/Users/Shlab_47/Desktop/final/0613304_LAB10/lab10/lab10.runs/synth_1/runme.log
[Sat Jan  8 20:41:22 2022] Launched impl_1...
Run output will be captured here: C:/Users/Shlab_47/Desktop/final/0613304_LAB10/lab10/lab10.runs/impl_1/runme.log
set_property PROBES.FILE {} [get_hw_devices xc7a35t_0]
set_property FULL_PROBES.FILE {} [get_hw_devices xc7a35t_0]
set_property PROGRAM.FILE {C:/Users/Shlab_47/Desktop/final/0613304_LAB10/lab10/lab10.runs/impl_1/lab10.bit} [get_hw_devices xc7a35t_0]
program_hw_devices [get_hw_devices xc7a35t_0]
INFO: [Labtools 27-3164] End of startup status: HIGH
refresh_hw_device [lindex [get_hw_devices xc7a35t_0] 0]
INFO: [Labtools 27-1434] Device xc7a35t (JTAG device index = 0) is programmed with a design that has no supported debug core(s) in it.
reset_run synth_1
WARNING: [Vivado 12-1017] Problems encountered:
1. Failed to delete one or more files in run directory C:/Users/Shlab_47/Desktop/final/0613304_LAB10/lab10/lab10.runs/synth_1

launch_runs impl_1 -to_step write_bitstream -jobs 3
[Sat Jan  8 20:49:06 2022] Launched synth_1...
Run output will be captured here: C:/Users/Shlab_47/Desktop/final/0613304_LAB10/lab10/lab10.runs/synth_1/runme.log
[Sat Jan  8 20:49:06 2022] Launched impl_1...
Run output will be captured here: C:/Users/Shlab_47/Desktop/final/0613304_LAB10/lab10/lab10.runs/impl_1/runme.log
reset_run synth_1
WARNING: [Vivado 12-1017] Problems encountered:
1. Failed to delete one or more files in run directory C:/Users/Shlab_47/Desktop/final/0613304_LAB10/lab10/lab10.runs/synth_1

launch_runs impl_1 -to_step write_bitstream -jobs 3
[Sat Jan  8 20:49:34 2022] Launched synth_1...
Run output will be captured here: C:/Users/Shlab_47/Desktop/final/0613304_LAB10/lab10/lab10.runs/synth_1/runme.log
[Sat Jan  8 20:49:34 2022] Launched impl_1...
Run output will be captured here: C:/Users/Shlab_47/Desktop/final/0613304_LAB10/lab10/lab10.runs/impl_1/runme.log
set_property PROBES.FILE {} [get_hw_devices xc7a35t_0]
set_property FULL_PROBES.FILE {} [get_hw_devices xc7a35t_0]
set_property PROGRAM.FILE {C:/Users/Shlab_47/Desktop/final/0613304_LAB10/lab10/lab10.runs/impl_1/lab10.bit} [get_hw_devices xc7a35t_0]
program_hw_devices [get_hw_devices xc7a35t_0]
INFO: [Labtools 27-3164] End of startup status: HIGH
refresh_hw_device [lindex [get_hw_devices xc7a35t_0] 0]
INFO: [Labtools 27-1434] Device xc7a35t (JTAG device index = 0) is programmed with a design that has no supported debug core(s) in it.
set_property PROBES.FILE {} [get_hw_devices xc7a35t_0]
set_property FULL_PROBES.FILE {} [get_hw_devices xc7a35t_0]
set_property PROGRAM.FILE {C:/Users/Shlab_47/Desktop/final/0613304_LAB10/lab10/lab10.runs/impl_1/lab10.bit} [get_hw_devices xc7a35t_0]
program_hw_devices [get_hw_devices xc7a35t_0]
INFO: [Labtools 27-3164] End of startup status: HIGH
refresh_hw_device [lindex [get_hw_devices xc7a35t_0] 0]
INFO: [Labtools 27-1434] Device xc7a35t (JTAG device index = 0) is programmed with a design that has no supported debug core(s) in it.
reset_run synth_1
WARNING: [Vivado 12-1017] Problems encountered:
1. Failed to delete one or more files in run directory C:/Users/Shlab_47/Desktop/final/0613304_LAB10/lab10/lab10.runs/synth_1

launch_runs impl_1 -to_step write_bitstream -jobs 3
[Sat Jan  8 21:04:46 2022] Launched synth_1...
Run output will be captured here: C:/Users/Shlab_47/Desktop/final/0613304_LAB10/lab10/lab10.runs/synth_1/runme.log
[Sat Jan  8 21:04:46 2022] Launched impl_1...
Run output will be captured here: C:/Users/Shlab_47/Desktop/final/0613304_LAB10/lab10/lab10.runs/impl_1/runme.log
reset_run synth_1
WARNING: [Vivado 12-1017] Problems encountered:
1. Failed to delete one or more files in run directory C:/Users/Shlab_47/Desktop/final/0613304_LAB10/lab10/lab10.runs/synth_1

launch_runs impl_1 -to_step write_bitstream -jobs 3
[Sat Jan  8 21:09:08 2022] Launched synth_1...
Run output will be captured here: C:/Users/Shlab_47/Desktop/final/0613304_LAB10/lab10/lab10.runs/synth_1/runme.log
[Sat Jan  8 21:09:08 2022] Launched impl_1...
Run output will be captured here: C:/Users/Shlab_47/Desktop/final/0613304_LAB10/lab10/lab10.runs/impl_1/runme.log
set_property PROBES.FILE {} [get_hw_devices xc7a35t_0]
set_property FULL_PROBES.FILE {} [get_hw_devices xc7a35t_0]
set_property PROGRAM.FILE {C:/Users/Shlab_47/Desktop/final/0613304_LAB10/lab10/lab10.runs/impl_1/lab10.bit} [get_hw_devices xc7a35t_0]
program_hw_devices [get_hw_devices xc7a35t_0]
INFO: [Labtools 27-3164] End of startup status: HIGH
refresh_hw_device [lindex [get_hw_devices xc7a35t_0] 0]
INFO: [Labtools 27-1434] Device xc7a35t (JTAG device index = 0) is programmed with a design that has no supported debug core(s) in it.
reset_run synth_1
WARNING: [Vivado 12-1017] Problems encountered:
1. Failed to delete one or more files in run directory C:/Users/Shlab_47/Desktop/final/0613304_LAB10/lab10/lab10.runs/synth_1

launch_runs impl_1 -to_step write_bitstream -jobs 3
[Sat Jan  8 21:20:44 2022] Launched synth_1...
Run output will be captured here: C:/Users/Shlab_47/Desktop/final/0613304_LAB10/lab10/lab10.runs/synth_1/runme.log
[Sat Jan  8 21:20:44 2022] Launched impl_1...
Run output will be captured here: C:/Users/Shlab_47/Desktop/final/0613304_LAB10/lab10/lab10.runs/impl_1/runme.log
set_property PROBES.FILE {} [get_hw_devices xc7a35t_0]
set_property FULL_PROBES.FILE {} [get_hw_devices xc7a35t_0]
set_property PROGRAM.FILE {C:/Users/Shlab_47/Desktop/final/0613304_LAB10/lab10/lab10.runs/impl_1/lab10.bit} [get_hw_devices xc7a35t_0]
program_hw_devices [get_hw_devices xc7a35t_0]
INFO: [Labtools 27-3164] End of startup status: HIGH
refresh_hw_device [lindex [get_hw_devices xc7a35t_0] 0]
INFO: [Labtools 27-1434] Device xc7a35t (JTAG device index = 0) is programmed with a design that has no supported debug core(s) in it.
reset_run synth_1
WARNING: [Vivado 12-1017] Problems encountered:
1. Failed to delete one or more files in run directory C:/Users/Shlab_47/Desktop/final/0613304_LAB10/lab10/lab10.runs/synth_1

launch_runs impl_1 -to_step write_bitstream -jobs 3
[Sat Jan  8 21:25:54 2022] Launched synth_1...
Run output will be captured here: C:/Users/Shlab_47/Desktop/final/0613304_LAB10/lab10/lab10.runs/synth_1/runme.log
[Sat Jan  8 21:25:54 2022] Launched impl_1...
Run output will be captured here: C:/Users/Shlab_47/Desktop/final/0613304_LAB10/lab10/lab10.runs/impl_1/runme.log
set_property PROBES.FILE {} [get_hw_devices xc7a35t_0]
set_property FULL_PROBES.FILE {} [get_hw_devices xc7a35t_0]
set_property PROGRAM.FILE {C:/Users/Shlab_47/Desktop/final/0613304_LAB10/lab10/lab10.runs/impl_1/lab10.bit} [get_hw_devices xc7a35t_0]
program_hw_devices [get_hw_devices xc7a35t_0]
INFO: [Labtools 27-3164] End of startup status: HIGH
refresh_hw_device [lindex [get_hw_devices xc7a35t_0] 0]
INFO: [Labtools 27-1434] Device xc7a35t (JTAG device index = 0) is programmed with a design that has no supported debug core(s) in it.
set_property PROBES.FILE {} [get_hw_devices xc7a35t_0]
set_property FULL_PROBES.FILE {} [get_hw_devices xc7a35t_0]
set_property PROGRAM.FILE {C:/Users/Shlab_47/Desktop/final/0613304_LAB10/lab10/lab10.runs/impl_1/lab10.bit} [get_hw_devices xc7a35t_0]
program_hw_devices [get_hw_devices xc7a35t_0]
INFO: [Labtools 27-3164] End of startup status: HIGH
refresh_hw_device [lindex [get_hw_devices xc7a35t_0] 0]
INFO: [Labtools 27-1434] Device xc7a35t (JTAG device index = 0) is programmed with a design that has no supported debug core(s) in it.
reset_run synth_1
WARNING: [Vivado 12-1017] Problems encountered:
1. Failed to delete one or more files in run directory C:/Users/Shlab_47/Desktop/final/0613304_LAB10/lab10/lab10.runs/synth_1

launch_runs impl_1 -to_step write_bitstream -jobs 3
[Sat Jan  8 21:37:09 2022] Launched synth_1...
Run output will be captured here: C:/Users/Shlab_47/Desktop/final/0613304_LAB10/lab10/lab10.runs/synth_1/runme.log
[Sat Jan  8 21:37:09 2022] Launched impl_1...
Run output will be captured here: C:/Users/Shlab_47/Desktop/final/0613304_LAB10/lab10/lab10.runs/impl_1/runme.log
reset_run synth_1
WARNING: [Vivado 12-1017] Problems encountered:
1. Failed to delete one or more files in run directory C:/Users/Shlab_47/Desktop/final/0613304_LAB10/lab10/lab10.runs/synth_1

launch_runs impl_1 -to_step write_bitstream -jobs 3
[Sat Jan  8 21:37:50 2022] Launched synth_1...
Run output will be captured here: C:/Users/Shlab_47/Desktop/final/0613304_LAB10/lab10/lab10.runs/synth_1/runme.log
[Sat Jan  8 21:37:50 2022] Launched impl_1...
Run output will be captured here: C:/Users/Shlab_47/Desktop/final/0613304_LAB10/lab10/lab10.runs/impl_1/runme.log
set_property PROBES.FILE {} [get_hw_devices xc7a35t_0]
set_property FULL_PROBES.FILE {} [get_hw_devices xc7a35t_0]
set_property PROGRAM.FILE {C:/Users/Shlab_47/Desktop/final/0613304_LAB10/lab10/lab10.runs/impl_1/lab10.bit} [get_hw_devices xc7a35t_0]
program_hw_devices [get_hw_devices xc7a35t_0]
INFO: [Labtools 27-3164] End of startup status: HIGH
refresh_hw_device [lindex [get_hw_devices xc7a35t_0] 0]
INFO: [Labtools 27-1434] Device xc7a35t (JTAG device index = 0) is programmed with a design that has no supported debug core(s) in it.
reset_run synth_1
WARNING: [Vivado 12-1017] Problems encountered:
1. Failed to delete one or more files in run directory C:/Users/Shlab_47/Desktop/final/0613304_LAB10/lab10/lab10.runs/synth_1

launch_runs impl_1 -to_step write_bitstream -jobs 3
[Sat Jan  8 21:50:54 2022] Launched synth_1...
Run output will be captured here: C:/Users/Shlab_47/Desktop/final/0613304_LAB10/lab10/lab10.runs/synth_1/runme.log
[Sat Jan  8 21:50:54 2022] Launched impl_1...
Run output will be captured here: C:/Users/Shlab_47/Desktop/final/0613304_LAB10/lab10/lab10.runs/impl_1/runme.log
set_property PROBES.FILE {} [get_hw_devices xc7a35t_0]
set_property FULL_PROBES.FILE {} [get_hw_devices xc7a35t_0]
set_property PROGRAM.FILE {C:/Users/Shlab_47/Desktop/final/0613304_LAB10/lab10/lab10.runs/impl_1/lab10.bit} [get_hw_devices xc7a35t_0]
program_hw_devices [get_hw_devices xc7a35t_0]
INFO: [Labtools 27-3164] End of startup status: HIGH
refresh_hw_device [lindex [get_hw_devices xc7a35t_0] 0]
INFO: [Labtools 27-1434] Device xc7a35t (JTAG device index = 0) is programmed with a design that has no supported debug core(s) in it.
reset_run synth_1
WARNING: [Vivado 12-1017] Problems encountered:
1. Failed to delete one or more files in run directory C:/Users/Shlab_47/Desktop/final/0613304_LAB10/lab10/lab10.runs/synth_1

launch_runs impl_1 -to_step write_bitstream -jobs 3
[Sat Jan  8 22:01:04 2022] Launched synth_1...
Run output will be captured here: C:/Users/Shlab_47/Desktop/final/0613304_LAB10/lab10/lab10.runs/synth_1/runme.log
[Sat Jan  8 22:01:04 2022] Launched impl_1...
Run output will be captured here: C:/Users/Shlab_47/Desktop/final/0613304_LAB10/lab10/lab10.runs/impl_1/runme.log
reset_run synth_1
WARNING: [Vivado 12-1017] Problems encountered:
1. PID not specified

launch_runs impl_1 -to_step write_bitstream -jobs 3
[Sat Jan  8 22:02:07 2022] Launched synth_1...
Run output will be captured here: C:/Users/Shlab_47/Desktop/final/0613304_LAB10/lab10/lab10.runs/synth_1/runme.log
[Sat Jan  8 22:02:07 2022] Launched impl_1...
Run output will be captured here: C:/Users/Shlab_47/Desktop/final/0613304_LAB10/lab10/lab10.runs/impl_1/runme.log
set_property PROBES.FILE {} [get_hw_devices xc7a35t_0]
set_property FULL_PROBES.FILE {} [get_hw_devices xc7a35t_0]
set_property PROGRAM.FILE {C:/Users/Shlab_47/Desktop/final/0613304_LAB10/lab10/lab10.runs/impl_1/lab10.bit} [get_hw_devices xc7a35t_0]
program_hw_devices [get_hw_devices xc7a35t_0]
INFO: [Labtools 27-3164] End of startup status: HIGH
refresh_hw_device [lindex [get_hw_devices xc7a35t_0] 0]
INFO: [Labtools 27-1434] Device xc7a35t (JTAG device index = 0) is programmed with a design that has no supported debug core(s) in it.
reset_run synth_1
WARNING: [Vivado 12-1017] Problems encountered:
1. Failed to delete one or more files in run directory C:/Users/Shlab_47/Desktop/final/0613304_LAB10/lab10/lab10.runs/synth_1

launch_runs impl_1 -to_step write_bitstream -jobs 3
[Sat Jan  8 22:09:48 2022] Launched synth_1...
Run output will be captured here: C:/Users/Shlab_47/Desktop/final/0613304_LAB10/lab10/lab10.runs/synth_1/runme.log
[Sat Jan  8 22:09:48 2022] Launched impl_1...
Run output will be captured here: C:/Users/Shlab_47/Desktop/final/0613304_LAB10/lab10/lab10.runs/impl_1/runme.log
set_property PROBES.FILE {} [get_hw_devices xc7a35t_0]
set_property FULL_PROBES.FILE {} [get_hw_devices xc7a35t_0]
set_property PROGRAM.FILE {C:/Users/Shlab_47/Desktop/final/0613304_LAB10/lab10/lab10.runs/impl_1/lab10.bit} [get_hw_devices xc7a35t_0]
program_hw_devices [get_hw_devices xc7a35t_0]
INFO: [Labtools 27-3164] End of startup status: HIGH
refresh_hw_device [lindex [get_hw_devices xc7a35t_0] 0]
INFO: [Labtools 27-1434] Device xc7a35t (JTAG device index = 0) is programmed with a design that has no supported debug core(s) in it.
reset_run synth_1
WARNING: [Vivado 12-1017] Problems encountered:
1. Failed to delete one or more files in run directory C:/Users/Shlab_47/Desktop/final/0613304_LAB10/lab10/lab10.runs/synth_1

launch_runs impl_1 -to_step write_bitstream -jobs 3
[Sat Jan  8 22:25:28 2022] Launched synth_1...
Run output will be captured here: C:/Users/Shlab_47/Desktop/final/0613304_LAB10/lab10/lab10.runs/synth_1/runme.log
[Sat Jan  8 22:25:29 2022] Launched impl_1...
Run output will be captured here: C:/Users/Shlab_47/Desktop/final/0613304_LAB10/lab10/lab10.runs/impl_1/runme.log
reset_run synth_1
WARNING: [Vivado 12-1017] Problems encountered:
1. Failed to delete one or more files in run directory C:/Users/Shlab_47/Desktop/final/0613304_LAB10/lab10/lab10.runs/synth_1

launch_runs impl_1 -to_step write_bitstream -jobs 3
[Sat Jan  8 22:26:06 2022] Launched synth_1...
Run output will be captured here: C:/Users/Shlab_47/Desktop/final/0613304_LAB10/lab10/lab10.runs/synth_1/runme.log
[Sat Jan  8 22:26:06 2022] Launched impl_1...
Run output will be captured here: C:/Users/Shlab_47/Desktop/final/0613304_LAB10/lab10/lab10.runs/impl_1/runme.log
set_property PROBES.FILE {} [get_hw_devices xc7a35t_0]
set_property FULL_PROBES.FILE {} [get_hw_devices xc7a35t_0]
set_property PROGRAM.FILE {C:/Users/Shlab_47/Desktop/final/0613304_LAB10/lab10/lab10.runs/impl_1/lab10.bit} [get_hw_devices xc7a35t_0]
program_hw_devices [get_hw_devices xc7a35t_0]
INFO: [Labtools 27-3164] End of startup status: HIGH
refresh_hw_device [lindex [get_hw_devices xc7a35t_0] 0]
INFO: [Labtools 27-1434] Device xc7a35t (JTAG device index = 0) is programmed with a design that has no supported debug core(s) in it.
reset_run synth_1
WARNING: [Vivado 12-1017] Problems encountered:
1. Failed to delete one or more files in run directory C:/Users/Shlab_47/Desktop/final/0613304_LAB10/lab10/lab10.runs/synth_1

launch_runs impl_1 -to_step write_bitstream -jobs 3
[Sat Jan  8 22:34:08 2022] Launched synth_1...
Run output will be captured here: C:/Users/Shlab_47/Desktop/final/0613304_LAB10/lab10/lab10.runs/synth_1/runme.log
[Sat Jan  8 22:34:08 2022] Launched impl_1...
Run output will be captured here: C:/Users/Shlab_47/Desktop/final/0613304_LAB10/lab10/lab10.runs/impl_1/runme.log
set_property PROBES.FILE {} [get_hw_devices xc7a35t_0]
set_property FULL_PROBES.FILE {} [get_hw_devices xc7a35t_0]
set_property PROGRAM.FILE {C:/Users/Shlab_47/Desktop/final/0613304_LAB10/lab10/lab10.runs/impl_1/lab10.bit} [get_hw_devices xc7a35t_0]
program_hw_devices [get_hw_devices xc7a35t_0]
INFO: [Labtools 27-3164] End of startup status: HIGH
refresh_hw_device [lindex [get_hw_devices xc7a35t_0] 0]
INFO: [Labtools 27-1434] Device xc7a35t (JTAG device index = 0) is programmed with a design that has no supported debug core(s) in it.
set_property PROBES.FILE {} [get_hw_devices xc7a35t_0]
set_property FULL_PROBES.FILE {} [get_hw_devices xc7a35t_0]
set_property PROGRAM.FILE {C:/Users/Shlab_47/Desktop/final/0613304_LAB10/lab10/lab10.runs/impl_1/lab10.bit} [get_hw_devices xc7a35t_0]
program_hw_devices [get_hw_devices xc7a35t_0]
INFO: [Labtools 27-3164] End of startup status: HIGH
refresh_hw_device [lindex [get_hw_devices xc7a35t_0] 0]
INFO: [Labtools 27-1434] Device xc7a35t (JTAG device index = 0) is programmed with a design that has no supported debug core(s) in it.
reset_run synth_1
WARNING: [Vivado 12-1017] Problems encountered:
1. Failed to delete one or more files in run directory C:/Users/Shlab_47/Desktop/final/0613304_LAB10/lab10/lab10.runs/synth_1

launch_runs impl_1 -to_step write_bitstream -jobs 3
[Sat Jan  8 22:53:37 2022] Launched synth_1...
Run output will be captured here: C:/Users/Shlab_47/Desktop/final/0613304_LAB10/lab10/lab10.runs/synth_1/runme.log
[Sat Jan  8 22:53:37 2022] Launched impl_1...
Run output will be captured here: C:/Users/Shlab_47/Desktop/final/0613304_LAB10/lab10/lab10.runs/impl_1/runme.log
set_property PROBES.FILE {} [get_hw_devices xc7a35t_0]
set_property FULL_PROBES.FILE {} [get_hw_devices xc7a35t_0]
set_property PROGRAM.FILE {C:/Users/Shlab_47/Desktop/final/0613304_LAB10/lab10/lab10.runs/impl_1/lab10.bit} [get_hw_devices xc7a35t_0]
program_hw_devices [get_hw_devices xc7a35t_0]
INFO: [Labtools 27-3164] End of startup status: HIGH
refresh_hw_device [lindex [get_hw_devices xc7a35t_0] 0]
INFO: [Labtools 27-1434] Device xc7a35t (JTAG device index = 0) is programmed with a design that has no supported debug core(s) in it.
reset_run synth_1
WARNING: [Vivado 12-1017] Problems encountered:
1. Failed to delete one or more files in run directory C:/Users/Shlab_47/Desktop/final/0613304_LAB10/lab10/lab10.runs/synth_1

launch_runs impl_1 -to_step write_bitstream -jobs 3
[Sat Jan  8 23:00:54 2022] Launched synth_1...
Run output will be captured here: C:/Users/Shlab_47/Desktop/final/0613304_LAB10/lab10/lab10.runs/synth_1/runme.log
[Sat Jan  8 23:00:54 2022] Launched impl_1...
Run output will be captured here: C:/Users/Shlab_47/Desktop/final/0613304_LAB10/lab10/lab10.runs/impl_1/runme.log
set_property PROBES.FILE {} [get_hw_devices xc7a35t_0]
set_property FULL_PROBES.FILE {} [get_hw_devices xc7a35t_0]
set_property PROGRAM.FILE {C:/Users/Shlab_47/Desktop/final/0613304_LAB10/lab10/lab10.runs/impl_1/lab10.bit} [get_hw_devices xc7a35t_0]
program_hw_devices [get_hw_devices xc7a35t_0]
INFO: [Labtools 27-3164] End of startup status: HIGH
refresh_hw_device [lindex [get_hw_devices xc7a35t_0] 0]
INFO: [Labtools 27-1434] Device xc7a35t (JTAG device index = 0) is programmed with a design that has no supported debug core(s) in it.
reset_run synth_1
WARNING: [Vivado 12-1017] Problems encountered:
1. Failed to delete one or more files in run directory C:/Users/Shlab_47/Desktop/final/0613304_LAB10/lab10/lab10.runs/synth_1

launch_runs impl_1 -to_step write_bitstream -jobs 3
[Sat Jan  8 23:11:55 2022] Launched synth_1...
Run output will be captured here: C:/Users/Shlab_47/Desktop/final/0613304_LAB10/lab10/lab10.runs/synth_1/runme.log
[Sat Jan  8 23:11:55 2022] Launched impl_1...
Run output will be captured here: C:/Users/Shlab_47/Desktop/final/0613304_LAB10/lab10/lab10.runs/impl_1/runme.log
set_property PROBES.FILE {} [get_hw_devices xc7a35t_0]
set_property FULL_PROBES.FILE {} [get_hw_devices xc7a35t_0]
set_property PROGRAM.FILE {C:/Users/Shlab_47/Desktop/final/0613304_LAB10/lab10/lab10.runs/impl_1/lab10.bit} [get_hw_devices xc7a35t_0]
program_hw_devices [get_hw_devices xc7a35t_0]
INFO: [Labtools 27-3164] End of startup status: HIGH
refresh_hw_device [lindex [get_hw_devices xc7a35t_0] 0]
INFO: [Labtools 27-1434] Device xc7a35t (JTAG device index = 0) is programmed with a design that has no supported debug core(s) in it.
reset_run synth_1
WARNING: [Vivado 12-1017] Problems encountered:
1. Failed to delete one or more files in run directory C:/Users/Shlab_47/Desktop/final/0613304_LAB10/lab10/lab10.runs/synth_1

launch_runs impl_1 -to_step write_bitstream -jobs 3
[Sat Jan  8 23:17:23 2022] Launched synth_1...
Run output will be captured here: C:/Users/Shlab_47/Desktop/final/0613304_LAB10/lab10/lab10.runs/synth_1/runme.log
[Sat Jan  8 23:17:23 2022] Launched impl_1...
Run output will be captured here: C:/Users/Shlab_47/Desktop/final/0613304_LAB10/lab10/lab10.runs/impl_1/runme.log
set_property PROBES.FILE {} [get_hw_devices xc7a35t_0]
set_property FULL_PROBES.FILE {} [get_hw_devices xc7a35t_0]
set_property PROGRAM.FILE {C:/Users/Shlab_47/Desktop/final/0613304_LAB10/lab10/lab10.runs/impl_1/lab10.bit} [get_hw_devices xc7a35t_0]
program_hw_devices [get_hw_devices xc7a35t_0]
INFO: [Labtools 27-3164] End of startup status: HIGH
refresh_hw_device [lindex [get_hw_devices xc7a35t_0] 0]
INFO: [Labtools 27-1434] Device xc7a35t (JTAG device index = 0) is programmed with a design that has no supported debug core(s) in it.
reset_run synth_1
WARNING: [Vivado 12-1017] Problems encountered:
1. Failed to delete one or more files in run directory C:/Users/Shlab_47/Desktop/final/0613304_LAB10/lab10/lab10.runs/synth_1

launch_runs impl_1 -to_step write_bitstream -jobs 3
[Sat Jan  8 23:34:08 2022] Launched synth_1...
Run output will be captured here: C:/Users/Shlab_47/Desktop/final/0613304_LAB10/lab10/lab10.runs/synth_1/runme.log
[Sat Jan  8 23:34:08 2022] Launched impl_1...
Run output will be captured here: C:/Users/Shlab_47/Desktop/final/0613304_LAB10/lab10/lab10.runs/impl_1/runme.log
set_property PROBES.FILE {} [get_hw_devices xc7a35t_0]
set_property FULL_PROBES.FILE {} [get_hw_devices xc7a35t_0]
set_property PROGRAM.FILE {C:/Users/Shlab_47/Desktop/final/0613304_LAB10/lab10/lab10.runs/impl_1/lab10.bit} [get_hw_devices xc7a35t_0]
program_hw_devices [get_hw_devices xc7a35t_0]
INFO: [Labtools 27-3164] End of startup status: HIGH
refresh_hw_device [lindex [get_hw_devices xc7a35t_0] 0]
INFO: [Labtools 27-1434] Device xc7a35t (JTAG device index = 0) is programmed with a design that has no supported debug core(s) in it.
reset_run synth_1
WARNING: [Vivado 12-1017] Problems encountered:
1. Failed to delete one or more files in run directory C:/Users/Shlab_47/Desktop/final/0613304_LAB10/lab10/lab10.runs/synth_1

launch_runs impl_1 -to_step write_bitstream -jobs 3
[Sat Jan  8 23:45:23 2022] Launched synth_1...
Run output will be captured here: C:/Users/Shlab_47/Desktop/final/0613304_LAB10/lab10/lab10.runs/synth_1/runme.log
[Sat Jan  8 23:45:23 2022] Launched impl_1...
Run output will be captured here: C:/Users/Shlab_47/Desktop/final/0613304_LAB10/lab10/lab10.runs/impl_1/runme.log
set_property PROBES.FILE {} [get_hw_devices xc7a35t_0]
set_property FULL_PROBES.FILE {} [get_hw_devices xc7a35t_0]
set_property PROGRAM.FILE {C:/Users/Shlab_47/Desktop/final/0613304_LAB10/lab10/lab10.runs/impl_1/lab10.bit} [get_hw_devices xc7a35t_0]
program_hw_devices [get_hw_devices xc7a35t_0]
INFO: [Labtools 27-3164] End of startup status: HIGH
refresh_hw_device [lindex [get_hw_devices xc7a35t_0] 0]
INFO: [Labtools 27-1434] Device xc7a35t (JTAG device index = 0) is programmed with a design that has no supported debug core(s) in it.
reset_run impl_1 -prev_step 
launch_runs impl_1 -to_step write_bitstream -jobs 3
WARNING: [Vivado 12-872] Run step 'Design Initialization' is out-of-date.
[Sun Jan  9 00:03:26 2022] Launched impl_1...
Run output will be captured here: C:/Users/Shlab_47/Desktop/final/0613304_LAB10/lab10/lab10.runs/impl_1/runme.log
reset_run synth_1
WARNING: [Vivado 12-1017] Problems encountered:
1. Failed to delete one or more files in run directory C:/Users/Shlab_47/Desktop/final/0613304_LAB10/lab10/lab10.runs/synth_1

launch_runs impl_1 -to_step write_bitstream -jobs 3
[Sun Jan  9 00:06:34 2022] Launched synth_1...
Run output will be captured here: C:/Users/Shlab_47/Desktop/final/0613304_LAB10/lab10/lab10.runs/synth_1/runme.log
[Sun Jan  9 00:06:34 2022] Launched impl_1...
Run output will be captured here: C:/Users/Shlab_47/Desktop/final/0613304_LAB10/lab10/lab10.runs/impl_1/runme.log
set_property PROBES.FILE {} [get_hw_devices xc7a35t_0]
set_property FULL_PROBES.FILE {} [get_hw_devices xc7a35t_0]
set_property PROGRAM.FILE {C:/Users/Shlab_47/Desktop/final/0613304_LAB10/lab10/lab10.runs/impl_1/lab10.bit} [get_hw_devices xc7a35t_0]
program_hw_devices [get_hw_devices xc7a35t_0]
INFO: [Labtools 27-3164] End of startup status: HIGH
refresh_hw_device [lindex [get_hw_devices xc7a35t_0] 0]
INFO: [Labtools 27-1434] Device xc7a35t (JTAG device index = 0) is programmed with a design that has no supported debug core(s) in it.
reset_run impl_1 -prev_step 
launch_runs impl_1 -to_step write_bitstream -jobs 3
WARNING: [Vivado 12-872] Run step 'Design Initialization' is out-of-date.
[Sun Jan  9 00:15:37 2022] Launched impl_1...
Run output will be captured here: C:/Users/Shlab_47/Desktop/final/0613304_LAB10/lab10/lab10.runs/impl_1/runme.log
set_property PROBES.FILE {} [get_hw_devices xc7a35t_0]
set_property FULL_PROBES.FILE {} [get_hw_devices xc7a35t_0]
set_property PROGRAM.FILE {C:/Users/Shlab_47/Desktop/final/0613304_LAB10/lab10/lab10.runs/impl_1/lab10.bit} [get_hw_devices xc7a35t_0]
program_hw_devices [get_hw_devices xc7a35t_0]
INFO: [Labtools 27-3164] End of startup status: HIGH
refresh_hw_device [lindex [get_hw_devices xc7a35t_0] 0]
INFO: [Labtools 27-1434] Device xc7a35t (JTAG device index = 0) is programmed with a design that has no supported debug core(s) in it.
reset_run synth_1
WARNING: [Vivado 12-1017] Problems encountered:
1. Failed to delete one or more files in run directory C:/Users/Shlab_47/Desktop/final/0613304_LAB10/lab10/lab10.runs/synth_1

launch_runs impl_1 -to_step write_bitstream -jobs 3
[Sun Jan  9 00:32:53 2022] Launched synth_1...
Run output will be captured here: C:/Users/Shlab_47/Desktop/final/0613304_LAB10/lab10/lab10.runs/synth_1/runme.log
[Sun Jan  9 00:32:53 2022] Launched impl_1...
Run output will be captured here: C:/Users/Shlab_47/Desktop/final/0613304_LAB10/lab10/lab10.runs/impl_1/runme.log
set_property PROBES.FILE {} [get_hw_devices xc7a35t_0]
set_property FULL_PROBES.FILE {} [get_hw_devices xc7a35t_0]
set_property PROGRAM.FILE {C:/Users/Shlab_47/Desktop/final/0613304_LAB10/lab10/lab10.runs/impl_1/lab10.bit} [get_hw_devices xc7a35t_0]
program_hw_devices [get_hw_devices xc7a35t_0]
INFO: [Labtools 27-3164] End of startup status: HIGH
refresh_hw_device [lindex [get_hw_devices xc7a35t_0] 0]
INFO: [Labtools 27-1434] Device xc7a35t (JTAG device index = 0) is programmed with a design that has no supported debug core(s) in it.
reset_run synth_1
WARNING: [Vivado 12-1017] Problems encountered:
1. Failed to delete one or more files in run directory C:/Users/Shlab_47/Desktop/final/0613304_LAB10/lab10/lab10.runs/synth_1

launch_runs impl_1 -to_step write_bitstream -jobs 3
[Sun Jan  9 00:42:08 2022] Launched synth_1...
Run output will be captured here: C:/Users/Shlab_47/Desktop/final/0613304_LAB10/lab10/lab10.runs/synth_1/runme.log
[Sun Jan  9 00:42:08 2022] Launched impl_1...
Run output will be captured here: C:/Users/Shlab_47/Desktop/final/0613304_LAB10/lab10/lab10.runs/impl_1/runme.log
reset_run synth_1
WARNING: [Vivado 12-1017] Problems encountered:
1. Failed to delete one or more files in run directory C:/Users/Shlab_47/Desktop/final/0613304_LAB10/lab10/lab10.runs/synth_1

launch_runs impl_1 -to_step write_bitstream -jobs 3
[Sun Jan  9 00:44:37 2022] Launched synth_1...
Run output will be captured here: C:/Users/Shlab_47/Desktop/final/0613304_LAB10/lab10/lab10.runs/synth_1/runme.log
[Sun Jan  9 00:44:37 2022] Launched impl_1...
Run output will be captured here: C:/Users/Shlab_47/Desktop/final/0613304_LAB10/lab10/lab10.runs/impl_1/runme.log
set_property PROBES.FILE {} [get_hw_devices xc7a35t_0]
set_property FULL_PROBES.FILE {} [get_hw_devices xc7a35t_0]
set_property PROGRAM.FILE {C:/Users/Shlab_47/Desktop/final/0613304_LAB10/lab10/lab10.runs/impl_1/lab10.bit} [get_hw_devices xc7a35t_0]
program_hw_devices [get_hw_devices xc7a35t_0]
INFO: [Labtools 27-3164] End of startup status: HIGH
refresh_hw_device [lindex [get_hw_devices xc7a35t_0] 0]
INFO: [Labtools 27-1434] Device xc7a35t (JTAG device index = 0) is programmed with a design that has no supported debug core(s) in it.
set_property PROBES.FILE {} [get_hw_devices xc7a35t_0]
set_property FULL_PROBES.FILE {} [get_hw_devices xc7a35t_0]
set_property PROGRAM.FILE {C:/Users/Shlab_47/Desktop/final/0613304_LAB10/lab10/lab10.runs/impl_1/lab10.bit} [get_hw_devices xc7a35t_0]
program_hw_devices [get_hw_devices xc7a35t_0]
INFO: [Labtools 27-3164] End of startup status: HIGH
refresh_hw_device [lindex [get_hw_devices xc7a35t_0] 0]
INFO: [Labtools 27-1434] Device xc7a35t (JTAG device index = 0) is programmed with a design that has no supported debug core(s) in it.
reset_run synth_1
WARNING: [Vivado 12-1017] Problems encountered:
1. Failed to delete one or more files in run directory C:/Users/Shlab_47/Desktop/final/0613304_LAB10/lab10/lab10.runs/synth_1

launch_runs impl_1 -to_step write_bitstream -jobs 3
[Sun Jan  9 01:01:58 2022] Launched synth_1...
Run output will be captured here: C:/Users/Shlab_47/Desktop/final/0613304_LAB10/lab10/lab10.runs/synth_1/runme.log
[Sun Jan  9 01:01:58 2022] Launched impl_1...
Run output will be captured here: C:/Users/Shlab_47/Desktop/final/0613304_LAB10/lab10/lab10.runs/impl_1/runme.log
set_property PROBES.FILE {} [get_hw_devices xc7a35t_0]
set_property FULL_PROBES.FILE {} [get_hw_devices xc7a35t_0]
set_property PROGRAM.FILE {C:/Users/Shlab_47/Desktop/final/0613304_LAB10/lab10/lab10.runs/impl_1/lab10.bit} [get_hw_devices xc7a35t_0]
program_hw_devices [get_hw_devices xc7a35t_0]
INFO: [Labtools 27-3164] End of startup status: HIGH
refresh_hw_device [lindex [get_hw_devices xc7a35t_0] 0]
INFO: [Labtools 27-1434] Device xc7a35t (JTAG device index = 0) is programmed with a design that has no supported debug core(s) in it.
reset_run synth_1
WARNING: [Vivado 12-1017] Problems encountered:
1. Failed to delete one or more files in run directory C:/Users/Shlab_47/Desktop/final/0613304_LAB10/lab10/lab10.runs/synth_1

launch_runs impl_1 -to_step write_bitstream -jobs 3
[Sun Jan  9 01:36:43 2022] Launched synth_1...
Run output will be captured here: C:/Users/Shlab_47/Desktop/final/0613304_LAB10/lab10/lab10.runs/synth_1/runme.log
[Sun Jan  9 01:36:43 2022] Launched impl_1...
Run output will be captured here: C:/Users/Shlab_47/Desktop/final/0613304_LAB10/lab10/lab10.runs/impl_1/runme.log
set_property PROBES.FILE {} [get_hw_devices xc7a35t_0]
set_property FULL_PROBES.FILE {} [get_hw_devices xc7a35t_0]
set_property PROGRAM.FILE {C:/Users/Shlab_47/Desktop/final/0613304_LAB10/lab10/lab10.runs/impl_1/lab10.bit} [get_hw_devices xc7a35t_0]
program_hw_devices [get_hw_devices xc7a35t_0]
INFO: [Labtools 27-3164] End of startup status: HIGH
refresh_hw_device [lindex [get_hw_devices xc7a35t_0] 0]
INFO: [Labtools 27-1434] Device xc7a35t (JTAG device index = 0) is programmed with a design that has no supported debug core(s) in it.
reset_run synth_1
WARNING: [Vivado 12-1017] Problems encountered:
1. Failed to delete one or more files in run directory C:/Users/Shlab_47/Desktop/final/0613304_LAB10/lab10/lab10.runs/synth_1

launch_runs impl_1 -to_step write_bitstream -jobs 3
[Sun Jan  9 01:47:00 2022] Launched synth_1...
Run output will be captured here: C:/Users/Shlab_47/Desktop/final/0613304_LAB10/lab10/lab10.runs/synth_1/runme.log
[Sun Jan  9 01:47:00 2022] Launched impl_1...
Run output will be captured here: C:/Users/Shlab_47/Desktop/final/0613304_LAB10/lab10/lab10.runs/impl_1/runme.log
set_property PROBES.FILE {} [get_hw_devices xc7a35t_0]
set_property FULL_PROBES.FILE {} [get_hw_devices xc7a35t_0]
set_property PROGRAM.FILE {C:/Users/Shlab_47/Desktop/final/0613304_LAB10/lab10/lab10.runs/impl_1/lab10.bit} [get_hw_devices xc7a35t_0]
program_hw_devices [get_hw_devices xc7a35t_0]
INFO: [Labtools 27-3164] End of startup status: HIGH
refresh_hw_device [lindex [get_hw_devices xc7a35t_0] 0]
INFO: [Labtools 27-1434] Device xc7a35t (JTAG device index = 0) is programmed with a design that has no supported debug core(s) in it.
reset_run synth_1
WARNING: [Vivado 12-1017] Problems encountered:
1. Failed to delete one or more files in run directory C:/Users/Shlab_47/Desktop/final/0613304_LAB10/lab10/lab10.runs/synth_1

launch_runs impl_1 -to_step write_bitstream -jobs 3
[Sun Jan  9 01:59:58 2022] Launched synth_1...
Run output will be captured here: C:/Users/Shlab_47/Desktop/final/0613304_LAB10/lab10/lab10.runs/synth_1/runme.log
[Sun Jan  9 01:59:58 2022] Launched impl_1...
Run output will be captured here: C:/Users/Shlab_47/Desktop/final/0613304_LAB10/lab10/lab10.runs/impl_1/runme.log
reset_run synth_1
WARNING: [Vivado 12-1017] Problems encountered:
1. Failed to delete one or more files in run directory C:/Users/Shlab_47/Desktop/final/0613304_LAB10/lab10/lab10.runs/synth_1

export_ip_user_files -of_objects  [get_files C:/Users/Shlab_47/Desktop/final/0613304_LAB10/lab10/lab10.srcs/sources_1/blue.mem] -no_script -reset -force -quiet
remove_files  C:/Users/Shlab_47/Desktop/final/0613304_LAB10/lab10/lab10.srcs/sources_1/blue.mem
add_files -norecurse C:/Users/Shlab_47/Desktop/final/0613304_LAB10/lab10/lab10.srcs/sources_1/cover.mem
launch_runs impl_1 -to_step write_bitstream -jobs 3
[Sun Jan  9 02:04:36 2022] Launched synth_1...
Run output will be captured here: C:/Users/Shlab_47/Desktop/final/0613304_LAB10/lab10/lab10.runs/synth_1/runme.log
[Sun Jan  9 02:04:37 2022] Launched impl_1...
Run output will be captured here: C:/Users/Shlab_47/Desktop/final/0613304_LAB10/lab10/lab10.runs/impl_1/runme.log
set_property PROBES.FILE {} [get_hw_devices xc7a35t_0]
set_property FULL_PROBES.FILE {} [get_hw_devices xc7a35t_0]
set_property PROGRAM.FILE {C:/Users/Shlab_47/Desktop/final/0613304_LAB10/lab10/lab10.runs/impl_1/lab10.bit} [get_hw_devices xc7a35t_0]
program_hw_devices [get_hw_devices xc7a35t_0]
INFO: [Labtools 27-3164] End of startup status: HIGH
refresh_hw_device [lindex [get_hw_devices xc7a35t_0] 0]
INFO: [Labtools 27-1434] Device xc7a35t (JTAG device index = 0) is programmed with a design that has no supported debug core(s) in it.
ERROR: [Labtoolstcl 44-513] HW Target shutdown. Closing target: localhost:3121/xilinx_tcf/Digilent/210319A43280A
INFO: [Labtoolstcl 44-466] Opening hw_target localhost:3121/xilinx_tcf/Digilent/210319A43280A
INFO: [Labtools 27-1434] Device xc7a35t (JTAG device index = 0) is programmed with a design that has no supported debug core(s) in it.
WARNING: [Labtoolstcl 44-129] No matching hw_ila_data was found.
ERROR: [Labtoolstcl 44-513] HW Target shutdown. Closing target: localhost:3121/xilinx_tcf/Digilent/210319A43280A
INFO: [Labtoolstcl 44-466] Opening hw_target localhost:3121/xilinx_tcf/Digilent/210319A43280A
INFO: [Labtools 27-1434] Device xc7a35t (JTAG device index = 0) is programmed with a design that has no supported debug core(s) in it.
WARNING: [Labtoolstcl 44-129] No matching hw_ila_data was found.
ERROR: [Labtoolstcl 44-513] HW Target shutdown. Closing target: localhost:3121/xilinx_tcf/Digilent/210319A43280A
INFO: [Labtoolstcl 44-466] Opening hw_target localhost:3121/xilinx_tcf/Digilent/210319A43280A
INFO: [Labtools 27-1434] Device xc7a35t (JTAG device index = 0) is programmed with a design that has no supported debug core(s) in it.
WARNING: [Labtoolstcl 44-129] No matching hw_ila_data was found.
ERROR: [Labtoolstcl 44-513] HW Target shutdown. Closing target: localhost:3121/xilinx_tcf/Digilent/210319A43280A
INFO: [Labtoolstcl 44-466] Opening hw_target localhost:3121/xilinx_tcf/Digilent/210319A43280A
INFO: [Labtools 27-1434] Device xc7a35t (JTAG device index = 0) is programmed with a design that has no supported debug core(s) in it.
WARNING: [Labtoolstcl 44-129] No matching hw_ila_data was found.
reset_run synth_1
WARNING: [Vivado 12-1017] Problems encountered:
1. Failed to delete one or more files in run directory C:/Users/Shlab_47/Desktop/final/0613304_LAB10/lab10/lab10.runs/synth_1

launch_runs impl_1 -to_step write_bitstream -jobs 3
[Sun Jan  9 02:19:52 2022] Launched synth_1...
Run output will be captured here: C:/Users/Shlab_47/Desktop/final/0613304_LAB10/lab10/lab10.runs/synth_1/runme.log
[Sun Jan  9 02:19:52 2022] Launched impl_1...
Run output will be captured here: C:/Users/Shlab_47/Desktop/final/0613304_LAB10/lab10/lab10.runs/impl_1/runme.log
ERROR: [Labtoolstcl 44-513] HW Target shutdown. Closing target: localhost:3121/xilinx_tcf/Digilent/210319A43280A
INFO: [Labtoolstcl 44-466] Opening hw_target localhost:3121/xilinx_tcf/Digilent/210319A43280A
INFO: [Labtools 27-1434] Device xc7a35t (JTAG device index = 0) is programmed with a design that has no supported debug core(s) in it.
WARNING: [Labtoolstcl 44-129] No matching hw_ila_data was found.
set_property PROBES.FILE {} [get_hw_devices xc7a35t_0]
set_property FULL_PROBES.FILE {} [get_hw_devices xc7a35t_0]
set_property PROGRAM.FILE {C:/Users/Shlab_47/Desktop/final/0613304_LAB10/lab10/lab10.runs/impl_1/lab10.bit} [get_hw_devices xc7a35t_0]
program_hw_devices [get_hw_devices xc7a35t_0]
INFO: [Labtools 27-3164] End of startup status: HIGH
refresh_hw_device [lindex [get_hw_devices xc7a35t_0] 0]
INFO: [Labtools 27-1434] Device xc7a35t (JTAG device index = 0) is programmed with a design that has no supported debug core(s) in it.
set_property PROBES.FILE {} [get_hw_devices xc7a35t_0]
set_property FULL_PROBES.FILE {} [get_hw_devices xc7a35t_0]
set_property PROGRAM.FILE {C:/Users/Shlab_47/Desktop/final/0613304_LAB10/lab10/lab10.runs/impl_1/lab10.bit} [get_hw_devices xc7a35t_0]
program_hw_devices [get_hw_devices xc7a35t_0]
INFO: [Labtools 27-3164] End of startup status: HIGH
refresh_hw_device [lindex [get_hw_devices xc7a35t_0] 0]
INFO: [Labtools 27-1434] Device xc7a35t (JTAG device index = 0) is programmed with a design that has no supported debug core(s) in it.
reset_run synth_1
WARNING: [Vivado 12-1017] Problems encountered:
1. Failed to delete one or more files in run directory C:/Users/Shlab_47/Desktop/final/0613304_LAB10/lab10/lab10.runs/synth_1

launch_runs impl_1 -to_step write_bitstream -jobs 3
[Sun Jan  9 02:32:05 2022] Launched synth_1...
Run output will be captured here: C:/Users/Shlab_47/Desktop/final/0613304_LAB10/lab10/lab10.runs/synth_1/runme.log
[Sun Jan  9 02:32:05 2022] Launched impl_1...
Run output will be captured here: C:/Users/Shlab_47/Desktop/final/0613304_LAB10/lab10/lab10.runs/impl_1/runme.log
set_property PROBES.FILE {} [get_hw_devices xc7a35t_0]
set_property FULL_PROBES.FILE {} [get_hw_devices xc7a35t_0]
set_property PROGRAM.FILE {C:/Users/Shlab_47/Desktop/final/0613304_LAB10/lab10/lab10.runs/impl_1/lab10.bit} [get_hw_devices xc7a35t_0]
program_hw_devices [get_hw_devices xc7a35t_0]
INFO: [Labtools 27-3164] End of startup status: HIGH
refresh_hw_device [lindex [get_hw_devices xc7a35t_0] 0]
INFO: [Labtools 27-1434] Device xc7a35t (JTAG device index = 0) is programmed with a design that has no supported debug core(s) in it.
reset_run synth_1
WARNING: [Vivado 12-1017] Problems encountered:
1. Failed to delete one or more files in run directory C:/Users/Shlab_47/Desktop/final/0613304_LAB10/lab10/lab10.runs/synth_1

launch_runs impl_1 -to_step write_bitstream -jobs 3
[Sun Jan  9 02:52:34 2022] Launched synth_1...
Run output will be captured here: C:/Users/Shlab_47/Desktop/final/0613304_LAB10/lab10/lab10.runs/synth_1/runme.log
[Sun Jan  9 02:52:34 2022] Launched impl_1...
Run output will be captured here: C:/Users/Shlab_47/Desktop/final/0613304_LAB10/lab10/lab10.runs/impl_1/runme.log
ERROR: [Labtoolstcl 44-513] HW Target shutdown. Closing target: localhost:3121/xilinx_tcf/Digilent/210319A43280A
INFO: [Labtoolstcl 44-466] Opening hw_target localhost:3121/xilinx_tcf/Digilent/210319A43280A
INFO: [Labtools 27-1434] Device xc7a35t (JTAG device index = 0) is programmed with a design that has no supported debug core(s) in it.
WARNING: [Labtoolstcl 44-129] No matching hw_ila_data was found.
set_property PROBES.FILE {} [get_hw_devices xc7a35t_0]
set_property FULL_PROBES.FILE {} [get_hw_devices xc7a35t_0]
set_property PROGRAM.FILE {C:/Users/Shlab_47/Desktop/final/0613304_LAB10/lab10/lab10.runs/impl_1/lab10.bit} [get_hw_devices xc7a35t_0]
program_hw_devices [get_hw_devices xc7a35t_0]
INFO: [Labtools 27-3164] End of startup status: HIGH
refresh_hw_device [lindex [get_hw_devices xc7a35t_0] 0]
INFO: [Labtools 27-1434] Device xc7a35t (JTAG device index = 0) is programmed with a design that has no supported debug core(s) in it.
reset_run synth_1
WARNING: [Vivado 12-1017] Problems encountered:
1. Failed to delete one or more files in run directory C:/Users/Shlab_47/Desktop/final/0613304_LAB10/lab10/lab10.runs/synth_1

launch_runs impl_1 -to_step write_bitstream -jobs 3
[Sun Jan  9 03:07:57 2022] Launched synth_1...
Run output will be captured here: C:/Users/Shlab_47/Desktop/final/0613304_LAB10/lab10/lab10.runs/synth_1/runme.log
[Sun Jan  9 03:07:57 2022] Launched impl_1...
Run output will be captured here: C:/Users/Shlab_47/Desktop/final/0613304_LAB10/lab10/lab10.runs/impl_1/runme.log
set_property PROBES.FILE {} [get_hw_devices xc7a35t_0]
set_property FULL_PROBES.FILE {} [get_hw_devices xc7a35t_0]
set_property PROGRAM.FILE {C:/Users/Shlab_47/Desktop/final/0613304_LAB10/lab10/lab10.runs/impl_1/lab10.bit} [get_hw_devices xc7a35t_0]
program_hw_devices [get_hw_devices xc7a35t_0]
INFO: [Labtools 27-3164] End of startup status: HIGH
refresh_hw_device [lindex [get_hw_devices xc7a35t_0] 0]
INFO: [Labtools 27-1434] Device xc7a35t (JTAG device index = 0) is programmed with a design that has no supported debug core(s) in it.
set_property PROBES.FILE {} [get_hw_devices xc7a35t_0]
set_property FULL_PROBES.FILE {} [get_hw_devices xc7a35t_0]
set_property PROGRAM.FILE {C:/Users/Shlab_47/Desktop/final/0613304_LAB10/lab10/lab10.runs/impl_1/lab10.bit} [get_hw_devices xc7a35t_0]
program_hw_devices [get_hw_devices xc7a35t_0]
INFO: [Labtools 27-3164] End of startup status: HIGH
refresh_hw_device [lindex [get_hw_devices xc7a35t_0] 0]
INFO: [Labtools 27-1434] Device xc7a35t (JTAG device index = 0) is programmed with a design that has no supported debug core(s) in it.
reset_run synth_1
WARNING: [Vivado 12-1017] Problems encountered:
1. Failed to delete one or more files in run directory C:/Users/Shlab_47/Desktop/final/0613304_LAB10/lab10/lab10.runs/synth_1

launch_runs impl_1 -to_step write_bitstream -jobs 3
[Sun Jan  9 03:21:33 2022] Launched synth_1...
Run output will be captured here: C:/Users/Shlab_47/Desktop/final/0613304_LAB10/lab10/lab10.runs/synth_1/runme.log
[Sun Jan  9 03:21:33 2022] Launched impl_1...
Run output will be captured here: C:/Users/Shlab_47/Desktop/final/0613304_LAB10/lab10/lab10.runs/impl_1/runme.log
set_property PROBES.FILE {} [get_hw_devices xc7a35t_0]
set_property FULL_PROBES.FILE {} [get_hw_devices xc7a35t_0]
set_property PROGRAM.FILE {C:/Users/Shlab_47/Desktop/final/0613304_LAB10/lab10/lab10.runs/impl_1/lab10.bit} [get_hw_devices xc7a35t_0]
program_hw_devices [get_hw_devices xc7a35t_0]
INFO: [Labtools 27-3164] End of startup status: HIGH
refresh_hw_device [lindex [get_hw_devices xc7a35t_0] 0]
INFO: [Labtools 27-1434] Device xc7a35t (JTAG device index = 0) is programmed with a design that has no supported debug core(s) in it.
reset_run synth_1
WARNING: [Vivado 12-1017] Problems encountered:
1. Failed to delete one or more files in run directory C:/Users/Shlab_47/Desktop/final/0613304_LAB10/lab10/lab10.runs/synth_1

launch_runs impl_1 -to_step write_bitstream -jobs 3
[Sun Jan  9 03:40:43 2022] Launched synth_1...
Run output will be captured here: C:/Users/Shlab_47/Desktop/final/0613304_LAB10/lab10/lab10.runs/synth_1/runme.log
[Sun Jan  9 03:40:43 2022] Launched impl_1...
Run output will be captured here: C:/Users/Shlab_47/Desktop/final/0613304_LAB10/lab10/lab10.runs/impl_1/runme.log
set_property PROBES.FILE {} [get_hw_devices xc7a35t_0]
set_property FULL_PROBES.FILE {} [get_hw_devices xc7a35t_0]
set_property PROGRAM.FILE {C:/Users/Shlab_47/Desktop/final/0613304_LAB10/lab10/lab10.runs/impl_1/lab10.bit} [get_hw_devices xc7a35t_0]
program_hw_devices [get_hw_devices xc7a35t_0]
INFO: [Labtools 27-3164] End of startup status: HIGH
refresh_hw_device [lindex [get_hw_devices xc7a35t_0] 0]
INFO: [Labtools 27-1434] Device xc7a35t (JTAG device index = 0) is programmed with a design that has no supported debug core(s) in it.
reset_run synth_1
WARNING: [Vivado 12-1017] Problems encountered:
1. Failed to delete one or more files in run directory C:/Users/Shlab_47/Desktop/final/0613304_LAB10/lab10/lab10.runs/synth_1

launch_runs impl_1 -to_step write_bitstream -jobs 3
[Sun Jan  9 03:56:39 2022] Launched synth_1...
Run output will be captured here: C:/Users/Shlab_47/Desktop/final/0613304_LAB10/lab10/lab10.runs/synth_1/runme.log
[Sun Jan  9 03:56:39 2022] Launched impl_1...
Run output will be captured here: C:/Users/Shlab_47/Desktop/final/0613304_LAB10/lab10/lab10.runs/impl_1/runme.log
set_property PROBES.FILE {} [get_hw_devices xc7a35t_0]
set_property FULL_PROBES.FILE {} [get_hw_devices xc7a35t_0]
set_property PROGRAM.FILE {C:/Users/Shlab_47/Desktop/final/0613304_LAB10/lab10/lab10.runs/impl_1/lab10.bit} [get_hw_devices xc7a35t_0]
program_hw_devices [get_hw_devices xc7a35t_0]
INFO: [Labtools 27-3164] End of startup status: HIGH
refresh_hw_device [lindex [get_hw_devices xc7a35t_0] 0]
INFO: [Labtools 27-1434] Device xc7a35t (JTAG device index = 0) is programmed with a design that has no supported debug core(s) in it.
set_property PROBES.FILE {} [get_hw_devices xc7a35t_0]
set_property FULL_PROBES.FILE {} [get_hw_devices xc7a35t_0]
set_property PROGRAM.FILE {C:/Users/Shlab_47/Desktop/final/0613304_LAB10/lab10/lab10.runs/impl_1/lab10.bit} [get_hw_devices xc7a35t_0]
program_hw_devices [get_hw_devices xc7a35t_0]
INFO: [Labtools 27-3164] End of startup status: HIGH
refresh_hw_device [lindex [get_hw_devices xc7a35t_0] 0]
INFO: [Labtools 27-1434] Device xc7a35t (JTAG device index = 0) is programmed with a design that has no supported debug core(s) in it.
reset_run impl_1 -prev_step 
launch_runs impl_1 -to_step write_bitstream -jobs 3
WARNING: [Vivado 12-872] Run step 'Design Initialization' is out-of-date.
[Sun Jan  9 04:17:23 2022] Launched impl_1...
Run output will be captured here: C:/Users/Shlab_47/Desktop/final/0613304_LAB10/lab10/lab10.runs/impl_1/runme.log
reset_run synth_1
WARNING: [Vivado 12-1017] Problems encountered:
1. Failed to delete one or more files in run directory C:/Users/Shlab_47/Desktop/final/0613304_LAB10/lab10/lab10.runs/synth_1

launch_runs impl_1 -to_step write_bitstream -jobs 3
[Sun Jan  9 04:18:54 2022] Launched synth_1...
Run output will be captured here: C:/Users/Shlab_47/Desktop/final/0613304_LAB10/lab10/lab10.runs/synth_1/runme.log
[Sun Jan  9 04:18:54 2022] Launched impl_1...
Run output will be captured here: C:/Users/Shlab_47/Desktop/final/0613304_LAB10/lab10/lab10.runs/impl_1/runme.log
set_property PROBES.FILE {} [get_hw_devices xc7a35t_0]
set_property FULL_PROBES.FILE {} [get_hw_devices xc7a35t_0]
set_property PROGRAM.FILE {C:/Users/Shlab_47/Desktop/final/0613304_LAB10/lab10/lab10.runs/impl_1/lab10.bit} [get_hw_devices xc7a35t_0]
program_hw_devices [get_hw_devices xc7a35t_0]
INFO: [Labtools 27-3164] End of startup status: HIGH
refresh_hw_device [lindex [get_hw_devices xc7a35t_0] 0]
INFO: [Labtools 27-1434] Device xc7a35t (JTAG device index = 0) is programmed with a design that has no supported debug core(s) in it.
reset_run impl_1 -prev_step 
launch_runs impl_1 -to_step write_bitstream -jobs 3
WARNING: [Vivado 12-872] Run step 'Design Initialization' is out-of-date.
[Sun Jan  9 04:40:13 2022] Launched impl_1...
Run output will be captured here: C:/Users/Shlab_47/Desktop/final/0613304_LAB10/lab10/lab10.runs/impl_1/runme.log
set_property PROBES.FILE {} [get_hw_devices xc7a35t_0]
set_property FULL_PROBES.FILE {} [get_hw_devices xc7a35t_0]
set_property PROGRAM.FILE {C:/Users/Shlab_47/Desktop/final/0613304_LAB10/lab10/lab10.runs/impl_1/lab10.bit} [get_hw_devices xc7a35t_0]
program_hw_devices [get_hw_devices xc7a35t_0]
INFO: [Labtools 27-3164] End of startup status: HIGH
refresh_hw_device [lindex [get_hw_devices xc7a35t_0] 0]
INFO: [Labtools 27-1434] Device xc7a35t (JTAG device index = 0) is programmed with a design that has no supported debug core(s) in it.
reset_run synth_1
WARNING: [Vivado 12-1017] Problems encountered:
1. Failed to delete one or more files in run directory C:/Users/Shlab_47/Desktop/final/0613304_LAB10/lab10/lab10.runs/synth_1

launch_runs impl_1 -to_step write_bitstream -jobs 3
[Sun Jan  9 04:42:01 2022] Launched synth_1...
Run output will be captured here: C:/Users/Shlab_47/Desktop/final/0613304_LAB10/lab10/lab10.runs/synth_1/runme.log
[Sun Jan  9 04:42:01 2022] Launched impl_1...
Run output will be captured here: C:/Users/Shlab_47/Desktop/final/0613304_LAB10/lab10/lab10.runs/impl_1/runme.log
set_property PROBES.FILE {} [get_hw_devices xc7a35t_0]
set_property FULL_PROBES.FILE {} [get_hw_devices xc7a35t_0]
set_property PROGRAM.FILE {C:/Users/Shlab_47/Desktop/final/0613304_LAB10/lab10/lab10.runs/impl_1/lab10.bit} [get_hw_devices xc7a35t_0]
program_hw_devices [get_hw_devices xc7a35t_0]
INFO: [Labtools 27-3164] End of startup status: HIGH
refresh_hw_device [lindex [get_hw_devices xc7a35t_0] 0]
INFO: [Labtools 27-1434] Device xc7a35t (JTAG device index = 0) is programmed with a design that has no supported debug core(s) in it.
reset_run impl_1 -prev_step 
launch_runs impl_1 -to_step write_bitstream -jobs 3
WARNING: [Vivado 12-872] Run step 'Design Initialization' is out-of-date.
[Sun Jan  9 05:00:28 2022] Launched impl_1...
Run output will be captured here: C:/Users/Shlab_47/Desktop/final/0613304_LAB10/lab10/lab10.runs/impl_1/runme.log
reset_run synth_1
WARNING: [Vivado 12-1017] Problems encountered:
1. Failed to delete one or more files in run directory C:/Users/Shlab_47/Desktop/final/0613304_LAB10/lab10/lab10.runs/synth_1

launch_runs impl_1 -to_step write_bitstream -jobs 3
[Sun Jan  9 05:01:36 2022] Launched synth_1...
Run output will be captured here: C:/Users/Shlab_47/Desktop/final/0613304_LAB10/lab10/lab10.runs/synth_1/runme.log
[Sun Jan  9 05:01:36 2022] Launched impl_1...
Run output will be captured here: C:/Users/Shlab_47/Desktop/final/0613304_LAB10/lab10/lab10.runs/impl_1/runme.log
set_property PROBES.FILE {} [get_hw_devices xc7a35t_0]
set_property FULL_PROBES.FILE {} [get_hw_devices xc7a35t_0]
set_property PROGRAM.FILE {C:/Users/Shlab_47/Desktop/final/0613304_LAB10/lab10/lab10.runs/impl_1/lab10.bit} [get_hw_devices xc7a35t_0]
program_hw_devices [get_hw_devices xc7a35t_0]
INFO: [Labtools 27-3164] End of startup status: HIGH
refresh_hw_device [lindex [get_hw_devices xc7a35t_0] 0]
INFO: [Labtools 27-1434] Device xc7a35t (JTAG device index = 0) is programmed with a design that has no supported debug core(s) in it.
ERROR: [Labtoolstcl 44-513] HW Target shutdown. Closing target: localhost:3121/xilinx_tcf/Digilent/210319A43280A
INFO: [Labtoolstcl 44-466] Opening hw_target localhost:3121/xilinx_tcf/Digilent/210319A43280A
INFO: [Labtools 27-1434] Device xc7a35t (JTAG device index = 0) is programmed with a design that has no supported debug core(s) in it.
WARNING: [Labtoolstcl 44-129] No matching hw_ila_data was found.
reset_run synth_1
WARNING: [Vivado 12-1017] Problems encountered:
1. Failed to delete one or more files in run directory C:/Users/Shlab_47/Desktop/final/0613304_LAB10/lab10/lab10.runs/synth_1

launch_runs impl_1 -to_step write_bitstream -jobs 3
[Sun Jan  9 05:24:17 2022] Launched synth_1...
Run output will be captured here: C:/Users/Shlab_47/Desktop/final/0613304_LAB10/lab10/lab10.runs/synth_1/runme.log
[Sun Jan  9 05:24:17 2022] Launched impl_1...
Run output will be captured here: C:/Users/Shlab_47/Desktop/final/0613304_LAB10/lab10/lab10.runs/impl_1/runme.log
set_property PROBES.FILE {} [get_hw_devices xc7a35t_0]
set_property FULL_PROBES.FILE {} [get_hw_devices xc7a35t_0]
set_property PROGRAM.FILE {C:/Users/Shlab_47/Desktop/final/0613304_LAB10/lab10/lab10.runs/impl_1/lab10.bit} [get_hw_devices xc7a35t_0]
program_hw_devices [get_hw_devices xc7a35t_0]
INFO: [Labtools 27-3164] End of startup status: HIGH
refresh_hw_device [lindex [get_hw_devices xc7a35t_0] 0]
INFO: [Labtools 27-1434] Device xc7a35t (JTAG device index = 0) is programmed with a design that has no supported debug core(s) in it.
reset_run impl_1 -prev_step 
launch_runs impl_1 -to_step write_bitstream -jobs 3
WARNING: [Vivado 12-872] Run step 'Design Initialization' is out-of-date.
[Sun Jan  9 05:40:59 2022] Launched impl_1...
Run output will be captured here: C:/Users/Shlab_47/Desktop/final/0613304_LAB10/lab10/lab10.runs/impl_1/runme.log
reset_run synth_1
WARNING: [Vivado 12-1017] Problems encountered:
1. Failed to delete one or more files in run directory C:/Users/Shlab_47/Desktop/final/0613304_LAB10/lab10/lab10.runs/synth_1

launch_runs impl_1 -to_step write_bitstream -jobs 3
[Sun Jan  9 05:42:03 2022] Launched synth_1...
Run output will be captured here: C:/Users/Shlab_47/Desktop/final/0613304_LAB10/lab10/lab10.runs/synth_1/runme.log
[Sun Jan  9 05:42:03 2022] Launched impl_1...
Run output will be captured here: C:/Users/Shlab_47/Desktop/final/0613304_LAB10/lab10/lab10.runs/impl_1/runme.log
set_property PROBES.FILE {} [get_hw_devices xc7a35t_0]
set_property FULL_PROBES.FILE {} [get_hw_devices xc7a35t_0]
set_property PROGRAM.FILE {C:/Users/Shlab_47/Desktop/final/0613304_LAB10/lab10/lab10.runs/impl_1/lab10.bit} [get_hw_devices xc7a35t_0]
program_hw_devices [get_hw_devices xc7a35t_0]
INFO: [Labtools 27-3164] End of startup status: HIGH
refresh_hw_device [lindex [get_hw_devices xc7a35t_0] 0]
INFO: [Labtools 27-1434] Device xc7a35t (JTAG device index = 0) is programmed with a design that has no supported debug core(s) in it.
reset_run impl_1 -prev_step 
launch_runs impl_1 -to_step write_bitstream -jobs 3
WARNING: [Vivado 12-872] Run step 'Design Initialization' is out-of-date.
[Sun Jan  9 06:02:35 2022] Launched impl_1...
Run output will be captured here: C:/Users/Shlab_47/Desktop/final/0613304_LAB10/lab10/lab10.runs/impl_1/runme.log
reset_run synth_1
WARNING: [Vivado 12-1017] Problems encountered:
1. Failed to delete one or more files in run directory C:/Users/Shlab_47/Desktop/final/0613304_LAB10/lab10/lab10.runs/synth_1

launch_runs impl_1 -to_step write_bitstream -jobs 3
[Sun Jan  9 06:03:43 2022] Launched synth_1...
Run output will be captured here: C:/Users/Shlab_47/Desktop/final/0613304_LAB10/lab10/lab10.runs/synth_1/runme.log
[Sun Jan  9 06:03:43 2022] Launched impl_1...
Run output will be captured here: C:/Users/Shlab_47/Desktop/final/0613304_LAB10/lab10/lab10.runs/impl_1/runme.log
set_property PROBES.FILE {} [get_hw_devices xc7a35t_0]
set_property FULL_PROBES.FILE {} [get_hw_devices xc7a35t_0]
set_property PROGRAM.FILE {C:/Users/Shlab_47/Desktop/final/0613304_LAB10/lab10/lab10.runs/impl_1/lab10.bit} [get_hw_devices xc7a35t_0]
program_hw_devices [get_hw_devices xc7a35t_0]
INFO: [Labtools 27-3164] End of startup status: HIGH
refresh_hw_device [lindex [get_hw_devices xc7a35t_0] 0]
INFO: [Labtools 27-1434] Device xc7a35t (JTAG device index = 0) is programmed with a design that has no supported debug core(s) in it.
reset_run impl_1 -prev_step 
launch_runs impl_1 -to_step write_bitstream -jobs 3
WARNING: [Vivado 12-872] Run step 'Design Initialization' is out-of-date.
[Sun Jan  9 06:15:59 2022] Launched impl_1...
Run output will be captured here: C:/Users/Shlab_47/Desktop/final/0613304_LAB10/lab10/lab10.runs/impl_1/runme.log
reset_run synth_1
WARNING: [Vivado 12-1017] Problems encountered:
1. Failed to delete one or more files in run directory C:/Users/Shlab_47/Desktop/final/0613304_LAB10/lab10/lab10.runs/synth_1

launch_runs impl_1 -to_step write_bitstream -jobs 3
[Sun Jan  9 06:19:05 2022] Launched synth_1...
Run output will be captured here: C:/Users/Shlab_47/Desktop/final/0613304_LAB10/lab10/lab10.runs/synth_1/runme.log
[Sun Jan  9 06:19:05 2022] Launched impl_1...
Run output will be captured here: C:/Users/Shlab_47/Desktop/final/0613304_LAB10/lab10/lab10.runs/impl_1/runme.log
set_property PROBES.FILE {} [get_hw_devices xc7a35t_0]
set_property FULL_PROBES.FILE {} [get_hw_devices xc7a35t_0]
set_property PROGRAM.FILE {C:/Users/Shlab_47/Desktop/final/0613304_LAB10/lab10/lab10.runs/impl_1/lab10.bit} [get_hw_devices xc7a35t_0]
program_hw_devices [get_hw_devices xc7a35t_0]
INFO: [Labtools 27-3164] End of startup status: HIGH
refresh_hw_device [lindex [get_hw_devices xc7a35t_0] 0]
INFO: [Labtools 27-1434] Device xc7a35t (JTAG device index = 0) is programmed with a design that has no supported debug core(s) in it.
exit
INFO: [Common 17-206] Exiting Vivado at Sun Jan  9 06:34:32 2022...
