#-----------------------------------------------------------
# Vivado v2021.1 (64-bit)
# SW Build 3247384 on Thu Jun 10 19:36:33 MDT 2021
# IP Build 3246043 on Fri Jun 11 00:30:35 MDT 2021
# Start of session at: Mon Jan 10 01:11:35 2022
# Process ID: 9516
# Current directory: C:/Users/Shlab_47/Desktop/0109/final/0613304_LAB10/lab10
# Command line: vivado.exe -gui_launcher_event rodinguilauncherevent8084 C:\Users\Shlab_47\Desktop\0109\final\0613304_LAB10\lab10\lab10.xpr
# Log file: C:/Users/Shlab_47/Desktop/0109/final/0613304_LAB10/lab10/vivado.log
# Journal file: C:/Users/Shlab_47/Desktop/0109/final/0613304_LAB10/lab10\vivado.jou
#-----------------------------------------------------------
start_gui
open_project C:/Users/Shlab_47/Desktop/0109/final/0613304_LAB10/lab10/lab10.xpr
WARNING: [filemgmt 56-3] Default IP Output Path : Could not find the directory 'C:/Users/Shlab_47/Desktop/0109/final/0613304_LAB10/lab10/lab10.gen/sources_1'.
Scanning sources...
Finished scanning sources
INFO: [IP_Flow 19-234] Refreshing IP repositories
INFO: [IP_Flow 19-1704] No user IP repositories specified
INFO: [IP_Flow 19-2313] Loaded Vivado IP repository 'C:/Xilinx/Vivado/2021.1/data/ip'.
open_project: Time (s): cpu = 00:00:10 ; elapsed = 00:00:06 . Memory (MB): peak = 1440.547 ; gain = 0.000
update_compile_order -fileset sources_1
reset_run synth_1
WARNING: [Vivado 12-1017] Problems encountered:
1. Failed to delete one or more files in run directory C:/Users/Shlab_47/Desktop/0109/final/0613304_LAB10/lab10/lab10.runs/synth_1

launch_runs impl_1 -to_step write_bitstream -jobs 3
[Mon Jan 10 01:14:05 2022] Launched synth_1...
Run output will be captured here: C:/Users/Shlab_47/Desktop/0109/final/0613304_LAB10/lab10/lab10.runs/synth_1/runme.log
[Mon Jan 10 01:14:05 2022] Launched impl_1...
Run output will be captured here: C:/Users/Shlab_47/Desktop/0109/final/0613304_LAB10/lab10/lab10.runs/impl_1/runme.log
reset_run synth_1
WARNING: [Vivado 12-1017] Problems encountered:
1. Failed to delete one or more files in run directory C:/Users/Shlab_47/Desktop/0109/final/0613304_LAB10/lab10/lab10.runs/synth_1

launch_runs impl_1 -to_step write_bitstream -jobs 3
[Mon Jan 10 01:26:49 2022] Launched synth_1...
Run output will be captured here: C:/Users/Shlab_47/Desktop/0109/final/0613304_LAB10/lab10/lab10.runs/synth_1/runme.log
[Mon Jan 10 01:26:49 2022] Launched impl_1...
Run output will be captured here: C:/Users/Shlab_47/Desktop/0109/final/0613304_LAB10/lab10/lab10.runs/impl_1/runme.log
reset_run synth_1
WARNING: [Vivado 12-1017] Problems encountered:
1. Failed to delete one or more files in run directory C:/Users/Shlab_47/Desktop/0109/final/0613304_LAB10/lab10/lab10.runs/synth_1

launch_runs impl_1 -to_step write_bitstream -jobs 3
[Mon Jan 10 01:37:55 2022] Launched synth_1...
Run output will be captured here: C:/Users/Shlab_47/Desktop/0109/final/0613304_LAB10/lab10/lab10.runs/synth_1/runme.log
[Mon Jan 10 01:37:55 2022] Launched impl_1...
Run output will be captured here: C:/Users/Shlab_47/Desktop/0109/final/0613304_LAB10/lab10/lab10.runs/impl_1/runme.log
reset_run synth_1
WARNING: [Vivado 12-1017] Problems encountered:
1. Failed to delete one or more files in run directory C:/Users/Shlab_47/Desktop/0109/final/0613304_LAB10/lab10/lab10.runs/synth_1

launch_runs impl_1 -to_step write_bitstream -jobs 3
[Mon Jan 10 01:41:04 2022] Launched synth_1...
Run output will be captured here: C:/Users/Shlab_47/Desktop/0109/final/0613304_LAB10/lab10/lab10.runs/synth_1/runme.log
[Mon Jan 10 01:41:04 2022] Launched impl_1...
Run output will be captured here: C:/Users/Shlab_47/Desktop/0109/final/0613304_LAB10/lab10/lab10.runs/impl_1/runme.log
open_run impl_1
INFO: [Device 21-403] Loading part xc7a35ticsg324-1L
Netlist sorting complete. Time (s): cpu = 00:00:00 ; elapsed = 00:00:00.078 . Memory (MB): peak = 1440.547 ; gain = 0.000
INFO: [Netlist 29-17] Analyzing 1256 Unisim elements for replacement
INFO: [Netlist 29-28] Unisim Transformation completed in 0 CPU seconds
WARNING: [Netlist 29-101] Netlist 'lab10' is not ideal for floorplanning, since the cellview 'lab10' contains a large number of primitives.  Please consider enabling hierarchy in synthesis if you want to do floorplanning.
INFO: [Project 1-479] Netlist was created with Vivado 2021.1
INFO: [Project 1-570] Preparing netlist for logic optimization
INFO: [Timing 38-478] Restoring timing data from binary archive.
INFO: [Timing 38-479] Binary timing data restore complete.
INFO: [Project 1-856] Restoring constraints from binary archive.
INFO: [Project 1-853] Binary constraint restore complete.
Reading XDEF placement.
Reading placer database...
Reading XDEF routing.
Read XDEF File: Time (s): cpu = 00:00:02 ; elapsed = 00:00:02 . Memory (MB): peak = 1964.266 ; gain = 2.777
Restored from archive | CPU: 2.000000 secs | Memory: 0.000000 MB |
Finished XDEF File Restore: Time (s): cpu = 00:00:02 ; elapsed = 00:00:02 . Memory (MB): peak = 1964.266 ; gain = 2.777
Netlist sorting complete. Time (s): cpu = 00:00:00 ; elapsed = 00:00:00.004 . Memory (MB): peak = 1964.266 ; gain = 0.000
INFO: [Project 1-111] Unisim Transformation Summary:
  A total of 288 instances were transformed.
  RAM256X1S => RAM256X1S (MUXF7(x2), MUXF8, RAMS64E(x4)): 288 instances

open_run: Time (s): cpu = 00:00:22 ; elapsed = 00:00:18 . Memory (MB): peak = 2104.441 ; gain = 663.895
CRITICAL WARNING: [Timing 38-282] The design failed to meet the timing requirements. Please see the timing summary report for details on the timing violations.
open_hw_manager
connect_hw_server -allow_non_jtag
INFO: [Labtools 27-2285] Connecting to hw_server url TCP:localhost:3121
INFO: [Labtools 27-2222] Launching hw_server...
INFO: [Labtools 27-2221] Launch Output:

****** Xilinx hw_server v2021.1
  **** Build date : Jun 10 2021 at 20:17:23
    ** Copyright 1986-2021 Xilinx, Inc. All Rights Reserved.


INFO: [Labtools 27-3415] Connecting to cs_server url TCP:localhost:3042
INFO: [Labtools 27-3417] Launching cs_server...
INFO: [Labtools 27-2221] Launch Output:


******** Xilinx cs_server v2021.1
  ****** Build date   : May 27 2021-01:32:33
    **** Build number : 2021.1.1622050353
      ** Copyright 2017-2022 Xilinx, Inc. All Rights Reserved.



connect_hw_server: Time (s): cpu = 00:00:01 ; elapsed = 00:00:08 . Memory (MB): peak = 2209.641 ; gain = 15.414
open_hw_target
INFO: [Labtoolstcl 44-466] Opening hw_target localhost:3121/xilinx_tcf/Digilent/210319A43280A
open_hw_target: Time (s): cpu = 00:00:06 ; elapsed = 00:00:06 . Memory (MB): peak = 3925.410 ; gain = 1715.770
set_property PROGRAM.FILE {C:/Users/Shlab_47/Desktop/0109/final/0613304_LAB10/lab10/lab10.runs/impl_1/lab10.bit} [get_hw_devices xc7a35t_0]
current_hw_device [get_hw_devices xc7a35t_0]
refresh_hw_device -update_hw_probes false [lindex [get_hw_devices xc7a35t_0] 0]
INFO: [Labtools 27-1434] Device xc7a35t (JTAG device index = 0) is programmed with a design that has no supported debug core(s) in it.
set_property PROBES.FILE {} [get_hw_devices xc7a35t_0]
set_property FULL_PROBES.FILE {} [get_hw_devices xc7a35t_0]
set_property PROGRAM.FILE {C:/Users/Shlab_47/Desktop/0109/final/0613304_LAB10/lab10/lab10.runs/impl_1/lab10.bit} [get_hw_devices xc7a35t_0]
program_hw_devices [get_hw_devices xc7a35t_0]
INFO: [Labtools 27-3164] End of startup status: HIGH
refresh_hw_device [lindex [get_hw_devices xc7a35t_0] 0]
INFO: [Labtools 27-1434] Device xc7a35t (JTAG device index = 0) is programmed with a design that has no supported debug core(s) in it.
reset_run synth_1
WARNING: [Vivado 12-1017] Problems encountered:
1. Failed to delete one or more files in run directory C:/Users/Shlab_47/Desktop/0109/final/0613304_LAB10/lab10/lab10.runs/synth_1

launch_runs impl_1 -to_step write_bitstream -jobs 3
[Mon Jan 10 02:26:07 2022] Launched synth_1...
Run output will be captured here: C:/Users/Shlab_47/Desktop/0109/final/0613304_LAB10/lab10/lab10.runs/synth_1/runme.log
[Mon Jan 10 02:26:07 2022] Launched impl_1...
Run output will be captured here: C:/Users/Shlab_47/Desktop/0109/final/0613304_LAB10/lab10/lab10.runs/impl_1/runme.log
reset_run synth_1
WARNING: [Vivado 12-1017] Problems encountered:
1. Failed to delete one or more files in run directory C:/Users/Shlab_47/Desktop/0109/final/0613304_LAB10/lab10/lab10.runs/synth_1

launch_runs impl_1 -to_step write_bitstream -jobs 3
[Mon Jan 10 02:27:32 2022] Launched synth_1...
Run output will be captured here: C:/Users/Shlab_47/Desktop/0109/final/0613304_LAB10/lab10/lab10.runs/synth_1/runme.log
[Mon Jan 10 02:27:32 2022] Launched impl_1...
Run output will be captured here: C:/Users/Shlab_47/Desktop/0109/final/0613304_LAB10/lab10/lab10.runs/impl_1/runme.log
reset_run synth_1
WARNING: [Vivado 12-1017] Problems encountered:
1. Failed to delete one or more files in run directory C:/Users/Shlab_47/Desktop/0109/final/0613304_LAB10/lab10/lab10.runs/synth_1

launch_runs impl_1 -to_step write_bitstream -jobs 3
[Mon Jan 10 02:28:11 2022] Launched synth_1...
Run output will be captured here: C:/Users/Shlab_47/Desktop/0109/final/0613304_LAB10/lab10/lab10.runs/synth_1/runme.log
[Mon Jan 10 02:28:11 2022] Launched impl_1...
Run output will be captured here: C:/Users/Shlab_47/Desktop/0109/final/0613304_LAB10/lab10/lab10.runs/impl_1/runme.log
set_property PROBES.FILE {} [get_hw_devices xc7a35t_0]
set_property FULL_PROBES.FILE {} [get_hw_devices xc7a35t_0]
set_property PROGRAM.FILE {C:/Users/Shlab_47/Desktop/0109/final/0613304_LAB10/lab10/lab10.runs/impl_1/lab10.bit} [get_hw_devices xc7a35t_0]
program_hw_devices [get_hw_devices xc7a35t_0]
INFO: [Labtools 27-3164] End of startup status: HIGH
refresh_hw_device [lindex [get_hw_devices xc7a35t_0] 0]
INFO: [Labtools 27-1434] Device xc7a35t (JTAG device index = 0) is programmed with a design that has no supported debug core(s) in it.
reset_run synth_1
WARNING: [Vivado 12-1017] Problems encountered:
1. Failed to delete one or more files in run directory C:/Users/Shlab_47/Desktop/0109/final/0613304_LAB10/lab10/lab10.runs/synth_1

launch_runs impl_1 -to_step write_bitstream -jobs 3
[Mon Jan 10 02:44:20 2022] Launched synth_1...
Run output will be captured here: C:/Users/Shlab_47/Desktop/0109/final/0613304_LAB10/lab10/lab10.runs/synth_1/runme.log
[Mon Jan 10 02:44:20 2022] Launched impl_1...
Run output will be captured here: C:/Users/Shlab_47/Desktop/0109/final/0613304_LAB10/lab10/lab10.runs/impl_1/runme.log
set_property PROBES.FILE {} [get_hw_devices xc7a35t_0]
set_property FULL_PROBES.FILE {} [get_hw_devices xc7a35t_0]
set_property PROGRAM.FILE {C:/Users/Shlab_47/Desktop/0109/final/0613304_LAB10/lab10/lab10.runs/impl_1/lab10.bit} [get_hw_devices xc7a35t_0]
program_hw_devices [get_hw_devices xc7a35t_0]
INFO: [Labtools 27-3164] End of startup status: HIGH
refresh_hw_device [lindex [get_hw_devices xc7a35t_0] 0]
INFO: [Labtools 27-1434] Device xc7a35t (JTAG device index = 0) is programmed with a design that has no supported debug core(s) in it.
reset_run synth_1
WARNING: [Vivado 12-1017] Problems encountered:
1. Failed to delete one or more files in run directory C:/Users/Shlab_47/Desktop/0109/final/0613304_LAB10/lab10/lab10.runs/synth_1

launch_runs impl_1 -to_step write_bitstream -jobs 3
[Mon Jan 10 02:56:12 2022] Launched synth_1...
Run output will be captured here: C:/Users/Shlab_47/Desktop/0109/final/0613304_LAB10/lab10/lab10.runs/synth_1/runme.log
[Mon Jan 10 02:56:12 2022] Launched impl_1...
Run output will be captured here: C:/Users/Shlab_47/Desktop/0109/final/0613304_LAB10/lab10/lab10.runs/impl_1/runme.log
set_property PROBES.FILE {} [get_hw_devices xc7a35t_0]
set_property FULL_PROBES.FILE {} [get_hw_devices xc7a35t_0]
set_property PROGRAM.FILE {C:/Users/Shlab_47/Desktop/0109/final/0613304_LAB10/lab10/lab10.runs/impl_1/lab10.bit} [get_hw_devices xc7a35t_0]
program_hw_devices [get_hw_devices xc7a35t_0]
INFO: [Labtools 27-3164] End of startup status: HIGH
refresh_hw_device [lindex [get_hw_devices xc7a35t_0] 0]
INFO: [Labtools 27-1434] Device xc7a35t (JTAG device index = 0) is programmed with a design that has no supported debug core(s) in it.
reset_run synth_1
WARNING: [Vivado 12-1017] Problems encountered:
1. Failed to delete one or more files in run directory C:/Users/Shlab_47/Desktop/0109/final/0613304_LAB10/lab10/lab10.runs/synth_1

launch_runs impl_1 -to_step write_bitstream -jobs 3
[Mon Jan 10 03:10:41 2022] Launched synth_1...
Run output will be captured here: C:/Users/Shlab_47/Desktop/0109/final/0613304_LAB10/lab10/lab10.runs/synth_1/runme.log
[Mon Jan 10 03:10:41 2022] Launched impl_1...
Run output will be captured here: C:/Users/Shlab_47/Desktop/0109/final/0613304_LAB10/lab10/lab10.runs/impl_1/runme.log
set_property PROBES.FILE {} [get_hw_devices xc7a35t_0]
set_property FULL_PROBES.FILE {} [get_hw_devices xc7a35t_0]
set_property PROGRAM.FILE {C:/Users/Shlab_47/Desktop/0109/final/0613304_LAB10/lab10/lab10.runs/impl_1/lab10.bit} [get_hw_devices xc7a35t_0]
program_hw_devices [get_hw_devices xc7a35t_0]
INFO: [Labtools 27-3164] End of startup status: HIGH
refresh_hw_device [lindex [get_hw_devices xc7a35t_0] 0]
INFO: [Labtools 27-1434] Device xc7a35t (JTAG device index = 0) is programmed with a design that has no supported debug core(s) in it.
undo
INFO: [Common 17-17] undo 'set_property PROGRAM.FILE {C:/Users/Shlab_47/Desktop/0109/final/0613304_LAB10/lab10/lab10.runs/impl_1/lab10.bit} [get_hw_devices xc7a35t_0]'
undo
INFO: [Common 17-17] undo 'set_property FULL_PROBES.FILE {} [get_hw_devices xc7a35t_0]'
undo
INFO: [Common 17-17] undo 'set_property PROBES.FILE {} [get_hw_devices xc7a35t_0]'
reset_run synth_1
WARNING: [Vivado 12-1017] Problems encountered:
1. Failed to delete one or more files in run directory C:/Users/Shlab_47/Desktop/0109/final/0613304_LAB10/lab10/lab10.runs/synth_1

launch_runs impl_1 -to_step write_bitstream -jobs 3
[Mon Jan 10 03:22:21 2022] Launched synth_1...
Run output will be captured here: C:/Users/Shlab_47/Desktop/0109/final/0613304_LAB10/lab10/lab10.runs/synth_1/runme.log
[Mon Jan 10 03:22:21 2022] Launched impl_1...
Run output will be captured here: C:/Users/Shlab_47/Desktop/0109/final/0613304_LAB10/lab10/lab10.runs/impl_1/runme.log
set_property PROBES.FILE {} [get_hw_devices xc7a35t_0]
set_property FULL_PROBES.FILE {} [get_hw_devices xc7a35t_0]
set_property PROGRAM.FILE {C:/Users/Shlab_47/Desktop/0109/final/0613304_LAB10/lab10/lab10.runs/impl_1/lab10.bit} [get_hw_devices xc7a35t_0]
program_hw_devices [get_hw_devices xc7a35t_0]
INFO: [Labtools 27-3164] End of startup status: HIGH
refresh_hw_device [lindex [get_hw_devices xc7a35t_0] 0]
INFO: [Labtools 27-1434] Device xc7a35t (JTAG device index = 0) is programmed with a design that has no supported debug core(s) in it.
set_property PROBES.FILE {} [get_hw_devices xc7a35t_0]
set_property FULL_PROBES.FILE {} [get_hw_devices xc7a35t_0]
set_property PROGRAM.FILE {C:/Users/Shlab_47/Desktop/0109/final/0613304_LAB10/lab10/lab10.runs/impl_1/lab10.bit} [get_hw_devices xc7a35t_0]
program_hw_devices [get_hw_devices xc7a35t_0]
INFO: [Labtools 27-3164] End of startup status: HIGH
refresh_hw_device [lindex [get_hw_devices xc7a35t_0] 0]
INFO: [Labtools 27-1434] Device xc7a35t (JTAG device index = 0) is programmed with a design that has no supported debug core(s) in it.
set_property PROBES.FILE {} [get_hw_devices xc7a35t_0]
set_property FULL_PROBES.FILE {} [get_hw_devices xc7a35t_0]
set_property PROGRAM.FILE {C:/Users/Shlab_47/Desktop/0109/final/0613304_LAB10/lab10/lab10.runs/impl_1/lab10.bit} [get_hw_devices xc7a35t_0]
program_hw_devices [get_hw_devices xc7a35t_0]
INFO: [Labtools 27-3164] End of startup status: HIGH
refresh_hw_device [lindex [get_hw_devices xc7a35t_0] 0]
INFO: [Labtools 27-1434] Device xc7a35t (JTAG device index = 0) is programmed with a design that has no supported debug core(s) in it.
set_property PROBES.FILE {} [get_hw_devices xc7a35t_0]
set_property FULL_PROBES.FILE {} [get_hw_devices xc7a35t_0]
set_property PROGRAM.FILE {C:/Users/Shlab_47/Desktop/0109/final/0613304_LAB10/lab10/lab10.runs/impl_1/lab10.bit} [get_hw_devices xc7a35t_0]
program_hw_devices [get_hw_devices xc7a35t_0]
INFO: [Labtools 27-3164] End of startup status: HIGH
refresh_hw_device [lindex [get_hw_devices xc7a35t_0] 0]
INFO: [Labtools 27-1434] Device xc7a35t (JTAG device index = 0) is programmed with a design that has no supported debug core(s) in it.
reset_run synth_1
WARNING: [Vivado 12-1017] Problems encountered:
1. Failed to delete one or more files in run directory C:/Users/Shlab_47/Desktop/0109/final/0613304_LAB10/lab10/lab10.runs/synth_1

launch_runs impl_1 -to_step write_bitstream -jobs 3
[Mon Jan 10 03:54:54 2022] Launched synth_1...
Run output will be captured here: C:/Users/Shlab_47/Desktop/0109/final/0613304_LAB10/lab10/lab10.runs/synth_1/runme.log
[Mon Jan 10 03:54:54 2022] Launched impl_1...
Run output will be captured here: C:/Users/Shlab_47/Desktop/0109/final/0613304_LAB10/lab10/lab10.runs/impl_1/runme.log
set_property PROBES.FILE {} [get_hw_devices xc7a35t_0]
set_property FULL_PROBES.FILE {} [get_hw_devices xc7a35t_0]
set_property PROGRAM.FILE {C:/Users/Shlab_47/Desktop/0109/final/0613304_LAB10/lab10/lab10.runs/impl_1/lab10.bit} [get_hw_devices xc7a35t_0]
program_hw_devices [get_hw_devices xc7a35t_0]
INFO: [Labtools 27-3164] End of startup status: HIGH
refresh_hw_device [lindex [get_hw_devices xc7a35t_0] 0]
INFO: [Labtools 27-1434] Device xc7a35t (JTAG device index = 0) is programmed with a design that has no supported debug core(s) in it.
reset_run synth_1
WARNING: [Vivado 12-1017] Problems encountered:
1. Failed to delete one or more files in run directory C:/Users/Shlab_47/Desktop/0109/final/0613304_LAB10/lab10/lab10.runs/synth_1

launch_runs impl_1 -to_step write_bitstream -jobs 3
[Mon Jan 10 04:19:08 2022] Launched synth_1...
Run output will be captured here: C:/Users/Shlab_47/Desktop/0109/final/0613304_LAB10/lab10/lab10.runs/synth_1/runme.log
[Mon Jan 10 04:19:08 2022] Launched impl_1...
Run output will be captured here: C:/Users/Shlab_47/Desktop/0109/final/0613304_LAB10/lab10/lab10.runs/impl_1/runme.log
set_property PROBES.FILE {} [get_hw_devices xc7a35t_0]
set_property FULL_PROBES.FILE {} [get_hw_devices xc7a35t_0]
set_property PROGRAM.FILE {C:/Users/Shlab_47/Desktop/0109/final/0613304_LAB10/lab10/lab10.runs/impl_1/lab10.bit} [get_hw_devices xc7a35t_0]
program_hw_devices [get_hw_devices xc7a35t_0]
INFO: [Labtools 27-3164] End of startup status: HIGH
refresh_hw_device [lindex [get_hw_devices xc7a35t_0] 0]
INFO: [Labtools 27-1434] Device xc7a35t (JTAG device index = 0) is programmed with a design that has no supported debug core(s) in it.
reset_run synth_1
WARNING: [Vivado 12-1017] Problems encountered:
1. Failed to delete one or more files in run directory C:/Users/Shlab_47/Desktop/0109/final/0613304_LAB10/lab10/lab10.runs/synth_1

launch_runs impl_1 -to_step write_bitstream -jobs 3
[Mon Jan 10 04:34:39 2022] Launched synth_1...
Run output will be captured here: C:/Users/Shlab_47/Desktop/0109/final/0613304_LAB10/lab10/lab10.runs/synth_1/runme.log
[Mon Jan 10 04:34:39 2022] Launched impl_1...
Run output will be captured here: C:/Users/Shlab_47/Desktop/0109/final/0613304_LAB10/lab10/lab10.runs/impl_1/runme.log
reset_run impl_1
reset_run synth_1
WARNING: [Vivado 12-1017] Problems encountered:
1. Failed to delete one or more files in run directory C:/Users/Shlab_47/Desktop/0109/final/0613304_LAB10/lab10/lab10.runs/synth_1

launch_runs impl_1 -to_step write_bitstream -jobs 3
[Mon Jan 10 04:45:26 2022] Launched synth_1...
Run output will be captured here: C:/Users/Shlab_47/Desktop/0109/final/0613304_LAB10/lab10/lab10.runs/synth_1/runme.log
[Mon Jan 10 04:45:26 2022] Launched impl_1...
Run output will be captured here: C:/Users/Shlab_47/Desktop/0109/final/0613304_LAB10/lab10/lab10.runs/impl_1/runme.log
set_property PROBES.FILE {} [get_hw_devices xc7a35t_0]
set_property FULL_PROBES.FILE {} [get_hw_devices xc7a35t_0]
set_property PROGRAM.FILE {C:/Users/Shlab_47/Desktop/0109/final/0613304_LAB10/lab10/lab10.runs/impl_1/lab10.bit} [get_hw_devices xc7a35t_0]
program_hw_devices [get_hw_devices xc7a35t_0]
INFO: [Labtools 27-3164] End of startup status: HIGH
refresh_hw_device [lindex [get_hw_devices xc7a35t_0] 0]
INFO: [Labtools 27-1434] Device xc7a35t (JTAG device index = 0) is programmed with a design that has no supported debug core(s) in it.
reset_run synth_1
WARNING: [Vivado 12-1017] Problems encountered:
1. Failed to delete one or more files in run directory C:/Users/Shlab_47/Desktop/0109/final/0613304_LAB10/lab10/lab10.runs/synth_1

launch_runs impl_1 -to_step write_bitstream -jobs 3
[Mon Jan 10 05:05:20 2022] Launched synth_1...
Run output will be captured here: C:/Users/Shlab_47/Desktop/0109/final/0613304_LAB10/lab10/lab10.runs/synth_1/runme.log
[Mon Jan 10 05:05:20 2022] Launched impl_1...
Run output will be captured here: C:/Users/Shlab_47/Desktop/0109/final/0613304_LAB10/lab10/lab10.runs/impl_1/runme.log
set_property PROBES.FILE {} [get_hw_devices xc7a35t_0]
set_property FULL_PROBES.FILE {} [get_hw_devices xc7a35t_0]
set_property PROGRAM.FILE {C:/Users/Shlab_47/Desktop/0109/final/0613304_LAB10/lab10/lab10.runs/impl_1/lab10.bit} [get_hw_devices xc7a35t_0]
program_hw_devices [get_hw_devices xc7a35t_0]
INFO: [Labtools 27-3164] End of startup status: HIGH
refresh_hw_device [lindex [get_hw_devices xc7a35t_0] 0]
INFO: [Labtools 27-1434] Device xc7a35t (JTAG device index = 0) is programmed with a design that has no supported debug core(s) in it.
exit
INFO: [Common 17-206] Exiting Vivado at Mon Jan 10 05:17:57 2022...
